2026-06-10T15:20:51.078+05:30  INFO 29664 --- [main] c.o.p.ProjmanagementApplication          : Starting ProjmanagementApplication using Java 18.0.2.1 with PID 29664 (C:\Apps\consproject\build\classes\java\main started by Unnikrishnan in C:\Apps\consproject)
2026-06-10T15:20:51.078+05:30  INFO 29664 --- [main] c.o.p.ProjmanagementApplication          : The following 1 profile is active: "dev"
2026-06-10T15:20:53.637+05:30  INFO 29664 --- [main] .s.d.r.c.RepositoryConfigurationDelegate : Bootstrapping Spring Data JPA repositories in DEFAULT mode.
2026-06-10T15:20:53.843+05:30  INFO 29664 --- [main] .s.d.r.c.RepositoryConfigurationDelegate : Finished Spring Data repository scanning in 176 ms. Found 21 JPA repository interfaces.
2026-06-10T15:20:57.251+05:30  INFO 29664 --- [main] o.s.b.w.embedded.tomcat.TomcatWebServer  : Tomcat initialized with port 8080 (http)
2026-06-10T15:20:57.327+05:30  INFO 29664 --- [main] o.apache.catalina.core.StandardService   : Starting service [Tomcat]
2026-06-10T15:20:57.329+05:30  INFO 29664 --- [main] o.apache.catalina.core.StandardEngine    : Starting Servlet engine: [Apache Tomcat/10.1.48]
2026-06-10T15:20:57.525+05:30  INFO 29664 --- [main] o.a.c.c.C.[Tomcat].[localhost].[/cons]   : Initializing Spring embedded WebApplicationContext
2026-06-10T15:20:57.528+05:30  INFO 29664 --- [main] w.s.c.ServletWebServerApplicationContext : Root WebApplicationContext: initialization completed in 6204 ms
2026-06-10T15:20:58.674+05:30  INFO 29664 --- [main] com.zaxxer.hikari.HikariDataSource       : HikariPool-1 - Starting...
2026-06-10T15:20:59.309+05:30  INFO 29664 --- [main] com.zaxxer.hikari.pool.HikariPool        : HikariPool-1 - Added connection com.mysql.cj.jdbc.ConnectionImpl@15f519f7
2026-06-10T15:20:59.315+05:30  INFO 29664 --- [main] com.zaxxer.hikari.HikariDataSource       : HikariPool-1 - Start completed.
2026-06-10T15:20:59.403+05:30  INFO 29664 --- [main] org.flywaydb.core.FlywayExecutor         : Database: jdbc:mysql://localhost:3306/projexec?useUnicode=true&characterEncoding=UTF-8&serverTimezone=UTC&useSSL=false (MySQL 8.0)
2026-06-10T15:20:59.533+05:30  INFO 29664 --- [main] o.f.c.i.s.JdbcTableSchemaHistory         : Schema history table `projexec`.`flyway_schema_history` does not exist yet
2026-06-10T15:20:59.547+05:30  INFO 29664 --- [main] o.f.core.internal.command.DbValidate     : Successfully validated 1 migration (execution time 00:00.093s)
2026-06-10T15:20:59.770+05:30  INFO 29664 --- [main] o.f.c.i.s.JdbcTableSchemaHistory         : Creating Schema History table `projexec`.`flyway_schema_history` ...
2026-06-10T15:20:59.967+05:30  INFO 29664 --- [main] o.f.core.internal.command.DbMigrate      : Current version of schema `projexec`: << Empty Schema >>
2026-06-10T15:21:00.095+05:30  INFO 29664 --- [main] o.f.core.internal.command.DbMigrate      : Migrating schema `projexec` to version "1.0 - root"
2026-06-10T15:21:00.403+05:30 ERROR 29664 --- [main] o.f.core.internal.command.DbMigrate      : Migration of schema `projexec` to version "1.0 - root" failed! Please restore backups and roll back database and code!
2026-06-10T15:21:00.464+05:30  WARN 29664 --- [main] ConfigServletWebServerApplicationContext : Exception encountered during context initialization - cancelling refresh attempt: org.springframework.beans.factory.BeanCreationException: Error creating bean with name 'entityManagerFactory' defined in class path resource [org/springframework/boot/autoconfigure/orm/jpa/HibernateJpaConfiguration.class]: Failed to initialize dependency 'flywayInitializer' of LoadTimeWeaverAware bean 'entityManagerFactory': Error creating bean with name 'flywayInitializer' defined in class path resource [org/springframework/boot/autoconfigure/flyway/FlywayAutoConfiguration$FlywayConfiguration.class]: Script V1_0__root.sql failed
----------------------------
SQL State  : 42000
Error Code : 1064
Message    : You have an error in your SQL syntax; check the manual that corresponds to your MySQL server version for the right syntax to use near 'Ta

insert into module_access_codes (access_code,description,module_code) valu' at line 1
Location   : db/migration/V1_0__root.sql (C:\Apps\consproject\build\resources\main\db\migration\V1_0__root.sql)
Line       : 45
Statement  : Run Flyway with -X option to see the actual statement causing the problem

2026-06-10T15:21:00.464+05:30  INFO 29664 --- [main] com.zaxxer.hikari.HikariDataSource       : HikariPool-1 - Shutdown initiated...
2026-06-10T15:21:00.486+05:30  INFO 29664 --- [main] com.zaxxer.hikari.HikariDataSource       : HikariPool-1 - Shutdown completed.
2026-06-10T15:21:00.503+05:30  INFO 29664 --- [main] o.apache.catalina.core.StandardService   : Stopping service [Tomcat]
2026-06-10T15:21:00.569+05:30  INFO 29664 --- [main] .s.b.a.l.ConditionEvaluationReportLogger : 

Error starting ApplicationContext. To display the condition evaluation report re-run your application with 'debug' enabled.
2026-06-10T15:21:00.620+05:30 ERROR 29664 --- [main] o.s.boot.SpringApplication               : Application run failed

org.springframework.beans.factory.BeanCreationException: Error creating bean with name 'entityManagerFactory' defined in class path resource [org/springframework/boot/autoconfigure/orm/jpa/HibernateJpaConfiguration.class]: Failed to initialize dependency 'flywayInitializer' of LoadTimeWeaverAware bean 'entityManagerFactory': Error creating bean with name 'flywayInitializer' defined in class path resource [org/springframework/boot/autoconfigure/flyway/FlywayAutoConfiguration$FlywayConfiguration.class]: Script V1_0__root.sql failed
----------------------------
SQL State  : 42000
Error Code : 1064
Message    : You have an error in your SQL syntax; check the manual that corresponds to your MySQL server version for the right syntax to use near 'Ta

insert into module_access_codes (access_code,description,module_code) valu' at line 1
Location   : db/migration/V1_0__root.sql (C:\Apps\consproject\build\resources\main\db\migration\V1_0__root.sql)
Line       : 45
Statement  : Run Flyway with -X option to see the actual statement causing the problem

	at org.springframework.beans.factory.support.AbstractBeanFactory.doGetBean(AbstractBeanFactory.java:328) ~[spring-beans-6.2.12.jar:6.2.12]
	at org.springframework.beans.factory.support.AbstractBeanFactory.getBean(AbstractBeanFactory.java:207) ~[spring-beans-6.2.12.jar:6.2.12]
	at org.springframework.context.support.AbstractApplicationContext.finishBeanFactoryInitialization(AbstractApplicationContext.java:973) ~[spring-context-6.2.12.jar:6.2.12]
	at org.springframework.context.support.AbstractApplicationContext.refresh(AbstractApplicationContext.java:627) ~[spring-context-6.2.12.jar:6.2.12]
	at org.springframework.boot.web.servlet.context.ServletWebServerApplicationContext.refresh(ServletWebServerApplicationContext.java:146) ~[spring-boot-3.5.7.jar:3.5.7]
	at org.springframework.boot.SpringApplication.refresh(SpringApplication.java:752) ~[spring-boot-3.5.7.jar:3.5.7]
	at org.springframework.boot.SpringApplication.refreshContext(SpringApplication.java:439) ~[spring-boot-3.5.7.jar:3.5.7]
	at org.springframework.boot.SpringApplication.run(SpringApplication.java:318) ~[spring-boot-3.5.7.jar:3.5.7]
	at org.springframework.boot.SpringApplication.run(SpringApplication.java:1361) ~[spring-boot-3.5.7.jar:3.5.7]
	at org.springframework.boot.SpringApplication.run(SpringApplication.java:1350) ~[spring-boot-3.5.7.jar:3.5.7]
	at com.orvion.projectmgmt.ProjmanagementApplication.main(ProjmanagementApplication.java:32) ~[main/:na]
Caused by: org.springframework.beans.factory.BeanCreationException: Error creating bean with name 'flywayInitializer' defined in class path resource [org/springframework/boot/autoconfigure/flyway/FlywayAutoConfiguration$FlywayConfiguration.class]: Script V1_0__root.sql failed
----------------------------
SQL State  : 42000
Error Code : 1064
Message    : You have an error in your SQL syntax; check the manual that corresponds to your MySQL server version for the right syntax to use near 'Ta

insert into module_access_codes (access_code,description,module_code) valu' at line 1
Location   : db/migration/V1_0__root.sql (C:\Apps\consproject\build\resources\main\db\migration\V1_0__root.sql)
Line       : 45
Statement  : Run Flyway with -X option to see the actual statement causing the problem

	at org.springframework.beans.factory.support.AbstractAutowireCapableBeanFactory.initializeBean(AbstractAutowireCapableBeanFactory.java:1826) ~[spring-beans-6.2.12.jar:6.2.12]
	at org.springframework.beans.factory.support.AbstractAutowireCapableBeanFactory.doCreateBean(AbstractAutowireCapableBeanFactory.java:607) ~[spring-beans-6.2.12.jar:6.2.12]
	at org.springframework.beans.factory.support.AbstractAutowireCapableBeanFactory.createBean(AbstractAutowireCapableBeanFactory.java:529) ~[spring-beans-6.2.12.jar:6.2.12]
	at org.springframework.beans.factory.support.AbstractBeanFactory.lambda$doGetBean$0(AbstractBeanFactory.java:339) ~[spring-beans-6.2.12.jar:6.2.12]
	at org.springframework.beans.factory.support.DefaultSingletonBeanRegistry.getSingleton(DefaultSingletonBeanRegistry.java:373) ~[spring-beans-6.2.12.jar:6.2.12]
	at org.springframework.beans.factory.support.AbstractBeanFactory.doGetBean(AbstractBeanFactory.java:337) ~[spring-beans-6.2.12.jar:6.2.12]
	at org.springframework.beans.factory.support.AbstractBeanFactory.getBean(AbstractBeanFactory.java:202) ~[spring-beans-6.2.12.jar:6.2.12]
	at org.springframework.beans.factory.support.AbstractBeanFactory.doGetBean(AbstractBeanFactory.java:315) ~[spring-beans-6.2.12.jar:6.2.12]
	... 10 common frames omitted
Caused by: org.flywaydb.core.internal.exception.FlywayMigrateException: Script V1_0__root.sql failed
----------------------------
SQL State  : 42000
Error Code : 1064
Message    : You have an error in your SQL syntax; check the manual that corresponds to your MySQL server version for the right syntax to use near 'Ta

insert into module_access_codes (access_code,description,module_code) valu' at line 1
Location   : db/migration/V1_0__root.sql (C:\Apps\consproject\build\resources\main\db\migration\V1_0__root.sql)
Line       : 45
Statement  : Run Flyway with -X option to see the actual statement causing the problem

	at org.flywaydb.core.internal.command.DbMigrate.doMigrateGroup(DbMigrate.java:399) ~[flyway-core-11.7.2.jar:na]
	at org.flywaydb.core.internal.command.DbMigrate.lambda$applyMigrations$1(DbMigrate.java:283) ~[flyway-core-11.7.2.jar:na]
	at org.flywaydb.core.internal.jdbc.TransactionalExecutionTemplate.execute(TransactionalExecutionTemplate.java:59) ~[flyway-core-11.7.2.jar:na]
	at org.flywaydb.core.internal.command.DbMigrate.applyMigrations(DbMigrate.java:282) ~[flyway-core-11.7.2.jar:na]
	at org.flywaydb.core.internal.command.DbMigrate.migrateGroup(DbMigrate.java:255) ~[flyway-core-11.7.2.jar:na]
	at org.flywaydb.core.internal.command.DbMigrate.lambda$migrateAll$0(DbMigrate.java:153) ~[flyway-core-11.7.2.jar:na]
	at org.flywaydb.database.mysql.MySQLNamedLockTemplate.execute(MySQLNamedLockTemplate.java:62) ~[flyway-mysql-11.7.2.jar:na]
	at org.flywaydb.database.mysql.MySQLConnection.lock(MySQLConnection.java:159) ~[flyway-mysql-11.7.2.jar:na]
	at org.flywaydb.core.internal.schemahistory.JdbcTableSchemaHistory.lock(JdbcTableSchemaHistory.java:164) ~[flyway-core-11.7.2.jar:na]
	at org.flywaydb.core.internal.command.DbMigrate.migrateAll(DbMigrate.java:153) ~[flyway-core-11.7.2.jar:na]
	at org.flywaydb.core.internal.command.DbMigrate.migrate(DbMigrate.java:104) ~[flyway-core-11.7.2.jar:na]
	at org.flywaydb.core.Flyway.lambda$migrate$1(Flyway.java:247) ~[flyway-core-11.7.2.jar:na]
	at org.flywaydb.core.FlywayExecutor.execute(FlywayExecutor.java:210) ~[flyway-core-11.7.2.jar:na]
	at org.flywaydb.core.Flyway.migrate(Flyway.java:188) ~[flyway-core-11.7.2.jar:na]
	at org.springframework.boot.autoconfigure.flyway.FlywayMigrationInitializer.afterPropertiesSet(FlywayMigrationInitializer.java:66) ~[spring-boot-autoconfigure-3.5.7.jar:3.5.7]
	at org.springframework.beans.factory.support.AbstractAutowireCapableBeanFactory.invokeInitMethods(AbstractAutowireCapableBeanFactory.java:1873) ~[spring-beans-6.2.12.jar:6.2.12]
	at org.springframework.beans.factory.support.AbstractAutowireCapableBeanFactory.initializeBean(AbstractAutowireCapableBeanFactory.java:1822) ~[spring-beans-6.2.12.jar:6.2.12]
	... 17 common frames omitted
Caused by: org.flywaydb.core.internal.sqlscript.FlywaySqlScriptException: Script V1_0__root.sql failed
----------------------------
SQL State  : 42000
Error Code : 1064
Message    : You have an error in your SQL syntax; check the manual that corresponds to your MySQL server version for the right syntax to use near 'Ta

insert into module_access_codes (access_code,description,module_code) valu' at line 1
Location   : db/migration/V1_0__root.sql (C:\Apps\consproject\build\resources\main\db\migration\V1_0__root.sql)
Line       : 45
Statement  : Run Flyway with -X option to see the actual statement causing the problem

	at org.flywaydb.core.internal.sqlscript.DefaultSqlScriptExecutor.handleException(DefaultSqlScriptExecutor.java:256) ~[flyway-core-11.7.2.jar:na]
	at org.flywaydb.core.internal.sqlscript.DefaultSqlScriptExecutor.executeStatement(DefaultSqlScriptExecutor.java:217) ~[flyway-core-11.7.2.jar:na]
	at org.flywaydb.core.internal.sqlscript.DefaultSqlScriptExecutor.execute(DefaultSqlScriptExecutor.java:137) ~[flyway-core-11.7.2.jar:na]
	at org.flywaydb.core.internal.resolver.sql.SqlMigrationExecutor.executeOnce(SqlMigrationExecutor.java:75) ~[flyway-core-11.7.2.jar:na]
	at org.flywaydb.core.internal.resolver.sql.SqlMigrationExecutor.lambda$execute$0(SqlMigrationExecutor.java:66) ~[flyway-core-11.7.2.jar:na]
	at org.flywaydb.core.internal.database.DefaultExecutionStrategy.execute(DefaultExecutionStrategy.java:31) ~[flyway-core-11.7.2.jar:na]
	at org.flywaydb.core.internal.resolver.sql.SqlMigrationExecutor.execute(SqlMigrationExecutor.java:65) ~[flyway-core-11.7.2.jar:na]
	at org.flywaydb.core.internal.command.DbMigrate.doMigrateGroup(DbMigrate.java:391) ~[flyway-core-11.7.2.jar:na]
	... 33 common frames omitted
Caused by: java.sql.SQLSyntaxErrorException: You have an error in your SQL syntax; check the manual that corresponds to your MySQL server version for the right syntax to use near 'Ta

insert into module_access_codes (access_code,description,module_code) valu' at line 1
	at com.mysql.cj.jdbc.exceptions.SQLError.createSQLException(SQLError.java:112) ~[mysql-connector-j-9.4.0.jar:9.4.0]
	at com.mysql.cj.jdbc.exceptions.SQLExceptionsMapping.translateException(SQLExceptionsMapping.java:114) ~[mysql-connector-j-9.4.0.jar:9.4.0]
	at com.mysql.cj.jdbc.StatementImpl.executeInternal(StatementImpl.java:837) ~[mysql-connector-j-9.4.0.jar:9.4.0]
	at com.mysql.cj.jdbc.StatementImpl.execute(StatementImpl.java:685) ~[mysql-connector-j-9.4.0.jar:9.4.0]
	at com.zaxxer.hikari.pool.ProxyStatement.execute(ProxyStatement.java:95) ~[HikariCP-6.3.3.jar:na]
	at com.zaxxer.hikari.pool.HikariProxyStatement.execute(HikariProxyStatement.java) ~[HikariCP-6.3.3.jar:na]
	at org.flywaydb.core.internal.jdbc.JdbcTemplate.executeStatement(JdbcTemplate.java:215) ~[flyway-core-11.7.2.jar:na]
	at org.flywaydb.core.internal.sqlscript.ParsedSqlStatement.execute(ParsedSqlStatement.java:88) ~[flyway-core-11.7.2.jar:na]
	at org.flywaydb.core.internal.sqlscript.DefaultSqlScriptExecutor.executeStatement(DefaultSqlScriptExecutor.java:212) ~[flyway-core-11.7.2.jar:na]
	... 39 common frames omitted

2026-06-10T15:23:31.348+05:30  INFO 13764 --- [main] c.o.p.ProjmanagementApplication          : Starting ProjmanagementApplication using Java 18.0.2.1 with PID 13764 (C:\Apps\consproject\build\classes\java\main started by Unnikrishnan in C:\Apps\consproject)
2026-06-10T15:23:31.358+05:30  INFO 13764 --- [main] c.o.p.ProjmanagementApplication          : The following 1 profile is active: "dev"
2026-06-10T15:23:33.911+05:30  INFO 13764 --- [main] .s.d.r.c.RepositoryConfigurationDelegate : Bootstrapping Spring Data JPA repositories in DEFAULT mode.
2026-06-10T15:23:34.126+05:30  INFO 13764 --- [main] .s.d.r.c.RepositoryConfigurationDelegate : Finished Spring Data repository scanning in 195 ms. Found 21 JPA repository interfaces.
2026-06-10T15:23:37.371+05:30  INFO 13764 --- [main] o.s.b.w.embedded.tomcat.TomcatWebServer  : Tomcat initialized with port 8080 (http)
2026-06-10T15:23:37.402+05:30  INFO 13764 --- [main] o.apache.catalina.core.StandardService   : Starting service [Tomcat]
2026-06-10T15:23:37.402+05:30  INFO 13764 --- [main] o.apache.catalina.core.StandardEngine    : Starting Servlet engine: [Apache Tomcat/10.1.48]
2026-06-10T15:23:37.547+05:30  INFO 13764 --- [main] o.a.c.c.C.[Tomcat].[localhost].[/cons]   : Initializing Spring embedded WebApplicationContext
2026-06-10T15:23:37.547+05:30  INFO 13764 --- [main] w.s.c.ServletWebServerApplicationContext : Root WebApplicationContext: initialization completed in 5996 ms
2026-06-10T15:23:38.455+05:30  INFO 13764 --- [main] com.zaxxer.hikari.HikariDataSource       : HikariPool-1 - Starting...
2026-06-10T15:23:38.772+05:30  INFO 13764 --- [main] com.zaxxer.hikari.pool.HikariPool        : HikariPool-1 - Added connection com.mysql.cj.jdbc.ConnectionImpl@29f3185c
2026-06-10T15:23:38.788+05:30  INFO 13764 --- [main] com.zaxxer.hikari.HikariDataSource       : HikariPool-1 - Start completed.
2026-06-10T15:23:38.868+05:30  INFO 13764 --- [main] org.flywaydb.core.FlywayExecutor         : Database: jdbc:mysql://localhost:3306/projexec?useUnicode=true&characterEncoding=UTF-8&serverTimezone=UTC&useSSL=false (MySQL 8.0)
2026-06-10T15:23:38.975+05:30  INFO 13764 --- [main] o.f.c.i.s.JdbcTableSchemaHistory         : Schema history table `projexec`.`flyway_schema_history` does not exist yet
2026-06-10T15:23:38.979+05:30  INFO 13764 --- [main] o.f.core.internal.command.DbValidate     : Successfully validated 1 migration (execution time 00:00.041s)
2026-06-10T15:23:39.002+05:30  INFO 13764 --- [main] o.f.c.i.s.JdbcTableSchemaHistory         : Creating Schema History table `projexec`.`flyway_schema_history` ...
2026-06-10T15:23:39.148+05:30  INFO 13764 --- [main] o.f.core.internal.command.DbMigrate      : Current version of schema `projexec`: << Empty Schema >>
2026-06-10T15:23:39.217+05:30  INFO 13764 --- [main] o.f.core.internal.command.DbMigrate      : Migrating schema `projexec` to version "1.0 - root"
2026-06-10T15:23:39.516+05:30  WARN 13764 --- [main] o.f.c.i.s.DefaultSqlScriptExecutor       : DB: Integer display width is deprecated and will be removed in a future release. (SQL State: HY000 - Error Code: 1681)
2026-06-10T15:23:39.564+05:30  WARN 13764 --- [main] o.f.c.i.s.DefaultSqlScriptExecutor       : DB: Integer display width is deprecated and will be removed in a future release. (SQL State: HY000 - Error Code: 1681)
2026-06-10T15:23:39.624+05:30  WARN 13764 --- [main] o.f.c.i.s.DefaultSqlScriptExecutor       : DB: Integer display width is deprecated and will be removed in a future release. (SQL State: HY000 - Error Code: 1681)
2026-06-10T15:23:39.624+05:30  WARN 13764 --- [main] o.f.c.i.s.DefaultSqlScriptExecutor       : DB: Integer display width is deprecated and will be removed in a future release. (SQL State: HY000 - Error Code: 1681)
2026-06-10T15:23:39.624+05:30  WARN 13764 --- [main] o.f.c.i.s.DefaultSqlScriptExecutor       : DB: Integer display width is deprecated and will be removed in a future release. (SQL State: HY000 - Error Code: 1681)
2026-06-10T15:23:39.709+05:30  WARN 13764 --- [main] o.f.c.i.s.DefaultSqlScriptExecutor       : DB: Integer display width is deprecated and will be removed in a future release. (SQL State: HY000 - Error Code: 1681)
2026-06-10T15:23:39.709+05:30  WARN 13764 --- [main] o.f.c.i.s.DefaultSqlScriptExecutor       : DB: Integer display width is deprecated and will be removed in a future release. (SQL State: HY000 - Error Code: 1681)
2026-06-10T15:23:39.709+05:30  WARN 13764 --- [main] o.f.c.i.s.DefaultSqlScriptExecutor       : DB: Integer display width is deprecated and will be removed in a future release. (SQL State: HY000 - Error Code: 1681)
2026-06-10T15:23:39.758+05:30  WARN 13764 --- [main] o.f.c.i.s.DefaultSqlScriptExecutor       : DB: Integer display width is deprecated and will be removed in a future release. (SQL State: HY000 - Error Code: 1681)
2026-06-10T15:23:39.822+05:30  WARN 13764 --- [main] o.f.c.i.s.DefaultSqlScriptExecutor       : DB: Integer display width is deprecated and will be removed in a future release. (SQL State: HY000 - Error Code: 1681)
2026-06-10T15:23:39.871+05:30  WARN 13764 --- [main] o.f.c.i.s.DefaultSqlScriptExecutor       : DB: Integer display width is deprecated and will be removed in a future release. (SQL State: HY000 - Error Code: 1681)
2026-06-10T15:23:39.871+05:30  WARN 13764 --- [main] o.f.c.i.s.DefaultSqlScriptExecutor       : DB: Integer display width is deprecated and will be removed in a future release. (SQL State: HY000 - Error Code: 1681)
2026-06-10T15:23:39.929+05:30  WARN 13764 --- [main] o.f.c.i.s.DefaultSqlScriptExecutor       : DB: Integer display width is deprecated and will be removed in a future release. (SQL State: HY000 - Error Code: 1681)
2026-06-10T15:23:39.931+05:30  WARN 13764 --- [main] o.f.c.i.s.DefaultSqlScriptExecutor       : DB: Integer display width is deprecated and will be removed in a future release. (SQL State: HY000 - Error Code: 1681)
2026-06-10T15:23:39.986+05:30  WARN 13764 --- [main] o.f.c.i.s.DefaultSqlScriptExecutor       : DB: Integer display width is deprecated and will be removed in a future release. (SQL State: HY000 - Error Code: 1681)
2026-06-10T15:23:39.986+05:30  WARN 13764 --- [main] o.f.c.i.s.DefaultSqlScriptExecutor       : DB: Integer display width is deprecated and will be removed in a future release. (SQL State: HY000 - Error Code: 1681)
2026-06-10T15:23:39.986+05:30  WARN 13764 --- [main] o.f.c.i.s.DefaultSqlScriptExecutor       : DB: Integer display width is deprecated and will be removed in a future release. (SQL State: HY000 - Error Code: 1681)
2026-06-10T15:23:39.986+05:30  WARN 13764 --- [main] o.f.c.i.s.DefaultSqlScriptExecutor       : DB: Integer display width is deprecated and will be removed in a future release. (SQL State: HY000 - Error Code: 1681)
2026-06-10T15:23:39.986+05:30  WARN 13764 --- [main] o.f.c.i.s.DefaultSqlScriptExecutor       : DB: Integer display width is deprecated and will be removed in a future release. (SQL State: HY000 - Error Code: 1681)
2026-06-10T15:23:40.201+05:30  WARN 13764 --- [main] o.f.c.i.s.DefaultSqlScriptExecutor       : DB: Integer display width is deprecated and will be removed in a future release. (SQL State: HY000 - Error Code: 1681)
2026-06-10T15:23:40.293+05:30  WARN 13764 --- [main] o.f.c.i.s.DefaultSqlScriptExecutor       : DB: Integer display width is deprecated and will be removed in a future release. (SQL State: HY000 - Error Code: 1681)
2026-06-10T15:23:40.614+05:30  WARN 13764 --- [main] o.f.c.i.s.DefaultSqlScriptExecutor       : DB: Integer display width is deprecated and will be removed in a future release. (SQL State: HY000 - Error Code: 1681)
2026-06-10T15:23:40.645+05:30  WARN 13764 --- [main] o.f.c.i.s.DefaultSqlScriptExecutor       : DB: Integer display width is deprecated and will be removed in a future release. (SQL State: HY000 - Error Code: 1681)
2026-06-10T15:23:40.646+05:30  WARN 13764 --- [main] o.f.c.i.s.DefaultSqlScriptExecutor       : DB: Integer display width is deprecated and will be removed in a future release. (SQL State: HY000 - Error Code: 1681)
2026-06-10T15:23:41.179+05:30  WARN 13764 --- [main] o.f.c.i.s.DefaultSqlScriptExecutor       : DB: Integer display width is deprecated and will be removed in a future release. (SQL State: HY000 - Error Code: 1681)
2026-06-10T15:23:41.206+05:30  WARN 13764 --- [main] o.f.c.i.s.DefaultSqlScriptExecutor       : DB: Integer display width is deprecated and will be removed in a future release. (SQL State: HY000 - Error Code: 1681)
2026-06-10T15:23:41.206+05:30  WARN 13764 --- [main] o.f.c.i.s.DefaultSqlScriptExecutor       : DB: Integer display width is deprecated and will be removed in a future release. (SQL State: HY000 - Error Code: 1681)
2026-06-10T15:23:41.541+05:30  WARN 13764 --- [main] o.f.c.i.s.DefaultSqlScriptExecutor       : DB: Integer display width is deprecated and will be removed in a future release. (SQL State: HY000 - Error Code: 1681)
2026-06-10T15:23:41.620+05:30  INFO 13764 --- [main] o.f.core.internal.command.DbMigrate      : Successfully applied 1 migration to schema `projexec`, now at version v1.0 (execution time 00:02.364s)
2026-06-10T15:23:41.950+05:30  INFO 13764 --- [main] o.hibernate.jpa.internal.util.LogHelper  : HHH000204: Processing PersistenceUnitInfo [name: default]
2026-06-10T15:23:42.044+05:30  INFO 13764 --- [main] org.hibernate.Version                    : HHH000412: Hibernate ORM core version 6.6.33.Final
2026-06-10T15:23:42.080+05:30  INFO 13764 --- [main] o.h.c.internal.RegionFactoryInitiator    : HHH000026: Second-level cache disabled
2026-06-10T15:23:42.496+05:30  INFO 13764 --- [main] o.s.o.j.p.SpringPersistenceUnitInfo      : No LoadTimeWeaver setup: ignoring JPA class transformer
2026-06-10T15:23:42.576+05:30  WARN 13764 --- [main] org.hibernate.orm.deprecation            : HHH90000025: MySQL8Dialect does not need to be specified explicitly using 'hibernate.dialect' (remove the property setting and it will be selected by default)
2026-06-10T15:23:42.576+05:30  WARN 13764 --- [main] org.hibernate.orm.deprecation            : HHH90000026: MySQL8Dialect has been deprecated; use org.hibernate.dialect.MySQLDialect instead
2026-06-10T15:23:42.592+05:30  INFO 13764 --- [main] org.hibernate.orm.connections.pooling    : HHH10001005: Database info:
	Database JDBC URL [Connecting through datasource 'HikariDataSource (HikariPool-1)']
	Database driver: undefined/unknown
	Database version: 8.0
	Autocommit mode: undefined/unknown
	Isolation level: undefined/unknown
	Minimum pool size: undefined/unknown
	Maximum pool size: undefined/unknown
2026-06-10T15:23:45.067+05:30  INFO 13764 --- [main] o.h.e.t.j.p.i.JtaPlatformInitiator       : HHH000489: No JTA platform available (set 'hibernate.transaction.jta.platform' to enable JTA platform integration)
2026-06-10T15:23:53.949+05:30  WARN 13764 --- [main] o.h.t.s.i.ExceptionHandlerLoggedImpl     : GenerationTarget encountered exception accepting command : Error executing DDL "
    alter table module_access_codes 
       add constraint FK2tyhtr3nros7atqlikxwbgakc 
       foreign key (module_code) 
       references modules (module_code)" via JDBC [Cannot add or update a child row: a foreign key constraint fails (`projexec`.`#sql-1a78_d`, CONSTRAINT `FK2tyhtr3nros7atqlikxwbgakc` FOREIGN KEY (`module_code`) REFERENCES `modules` (`module_code`))]

org.hibernate.tool.schema.spi.CommandAcceptanceException: Error executing DDL "
    alter table module_access_codes 
       add constraint FK2tyhtr3nros7atqlikxwbgakc 
       foreign key (module_code) 
       references modules (module_code)" via JDBC [Cannot add or update a child row: a foreign key constraint fails (`projexec`.`#sql-1a78_d`, CONSTRAINT `FK2tyhtr3nros7atqlikxwbgakc` FOREIGN KEY (`module_code`) REFERENCES `modules` (`module_code`))]
	at org.hibernate.tool.schema.internal.exec.GenerationTargetToDatabase.accept(GenerationTargetToDatabase.java:94) ~[hibernate-core-6.6.33.Final.jar:6.6.33.Final]
	at org.hibernate.tool.schema.internal.AbstractSchemaMigrator.applySqlString(AbstractSchemaMigrator.java:576) ~[hibernate-core-6.6.33.Final.jar:6.6.33.Final]
	at org.hibernate.tool.schema.internal.AbstractSchemaMigrator.applySqlStrings(AbstractSchemaMigrator.java:516) ~[hibernate-core-6.6.33.Final.jar:6.6.33.Final]
	at org.hibernate.tool.schema.internal.AbstractSchemaMigrator.applyForeignKeys(AbstractSchemaMigrator.java:448) ~[hibernate-core-6.6.33.Final.jar:6.6.33.Final]
	at org.hibernate.tool.schema.internal.AbstractSchemaMigrator.performMigration(AbstractSchemaMigrator.java:269) ~[hibernate-core-6.6.33.Final.jar:6.6.33.Final]
	at org.hibernate.tool.schema.internal.AbstractSchemaMigrator.doMigration(AbstractSchemaMigrator.java:112) ~[hibernate-core-6.6.33.Final.jar:6.6.33.Final]
	at org.hibernate.tool.schema.spi.SchemaManagementToolCoordinator.performDatabaseAction(SchemaManagementToolCoordinator.java:280) ~[hibernate-core-6.6.33.Final.jar:6.6.33.Final]
	at org.hibernate.tool.schema.spi.SchemaManagementToolCoordinator.lambda$process$5(SchemaManagementToolCoordinator.java:144) ~[hibernate-core-6.6.33.Final.jar:6.6.33.Final]
	at java.base/java.util.HashMap.forEach(HashMap.java:1421) ~[na:na]
	at org.hibernate.tool.schema.spi.SchemaManagementToolCoordinator.process(SchemaManagementToolCoordinator.java:141) ~[hibernate-core-6.6.33.Final.jar:6.6.33.Final]
	at org.hibernate.boot.internal.SessionFactoryObserverForSchemaExport.sessionFactoryCreated(SessionFactoryObserverForSchemaExport.java:37) ~[hibernate-core-6.6.33.Final.jar:6.6.33.Final]
	at org.hibernate.internal.SessionFactoryObserverChain.sessionFactoryCreated(SessionFactoryObserverChain.java:35) ~[hibernate-core-6.6.33.Final.jar:6.6.33.Final]
	at org.hibernate.internal.SessionFactoryImpl.<init>(SessionFactoryImpl.java:324) ~[hibernate-core-6.6.33.Final.jar:6.6.33.Final]
	at org.hibernate.boot.internal.SessionFactoryBuilderImpl.build(SessionFactoryBuilderImpl.java:463) ~[hibernate-core-6.6.33.Final.jar:6.6.33.Final]
	at org.hibernate.jpa.boot.internal.EntityManagerFactoryBuilderImpl.build(EntityManagerFactoryBuilderImpl.java:1517) ~[hibernate-core-6.6.33.Final.jar:6.6.33.Final]
	at org.springframework.orm.jpa.vendor.SpringHibernateJpaPersistenceProvider.createContainerEntityManagerFactory(SpringHibernateJpaPersistenceProvider.java:66) ~[spring-orm-6.2.12.jar:6.2.12]
	at org.springframework.orm.jpa.LocalContainerEntityManagerFactoryBean.createNativeEntityManagerFactory(LocalContainerEntityManagerFactoryBean.java:390) ~[spring-orm-6.2.12.jar:6.2.12]
	at org.springframework.orm.jpa.AbstractEntityManagerFactoryBean.buildNativeEntityManagerFactory(AbstractEntityManagerFactoryBean.java:419) ~[spring-orm-6.2.12.jar:6.2.12]
	at org.springframework.orm.jpa.AbstractEntityManagerFactoryBean.afterPropertiesSet(AbstractEntityManagerFactoryBean.java:400) ~[spring-orm-6.2.12.jar:6.2.12]
	at org.springframework.orm.jpa.LocalContainerEntityManagerFactoryBean.afterPropertiesSet(LocalContainerEntityManagerFactoryBean.java:366) ~[spring-orm-6.2.12.jar:6.2.12]
	at org.springframework.beans.factory.support.AbstractAutowireCapableBeanFactory.invokeInitMethods(AbstractAutowireCapableBeanFactory.java:1873) ~[spring-beans-6.2.12.jar:6.2.12]
	at org.springframework.beans.factory.support.AbstractAutowireCapableBeanFactory.initializeBean(AbstractAutowireCapableBeanFactory.java:1822) ~[spring-beans-6.2.12.jar:6.2.12]
	at org.springframework.beans.factory.support.AbstractAutowireCapableBeanFactory.doCreateBean(AbstractAutowireCapableBeanFactory.java:607) ~[spring-beans-6.2.12.jar:6.2.12]
	at org.springframework.beans.factory.support.AbstractAutowireCapableBeanFactory.createBean(AbstractAutowireCapableBeanFactory.java:529) ~[spring-beans-6.2.12.jar:6.2.12]
	at org.springframework.beans.factory.support.AbstractBeanFactory.lambda$doGetBean$0(AbstractBeanFactory.java:339) ~[spring-beans-6.2.12.jar:6.2.12]
	at org.springframework.beans.factory.support.DefaultSingletonBeanRegistry.getSingleton(DefaultSingletonBeanRegistry.java:373) ~[spring-beans-6.2.12.jar:6.2.12]
	at org.springframework.beans.factory.support.AbstractBeanFactory.doGetBean(AbstractBeanFactory.java:337) ~[spring-beans-6.2.12.jar:6.2.12]
	at org.springframework.beans.factory.support.AbstractBeanFactory.getBean(AbstractBeanFactory.java:207) ~[spring-beans-6.2.12.jar:6.2.12]
	at org.springframework.context.support.AbstractApplicationContext.finishBeanFactoryInitialization(AbstractApplicationContext.java:973) ~[spring-context-6.2.12.jar:6.2.12]
	at org.springframework.context.support.AbstractApplicationContext.refresh(AbstractApplicationContext.java:627) ~[spring-context-6.2.12.jar:6.2.12]
	at org.springframework.boot.web.servlet.context.ServletWebServerApplicationContext.refresh(ServletWebServerApplicationContext.java:146) ~[spring-boot-3.5.7.jar:3.5.7]
	at org.springframework.boot.SpringApplication.refresh(SpringApplication.java:752) ~[spring-boot-3.5.7.jar:3.5.7]
	at org.springframework.boot.SpringApplication.refreshContext(SpringApplication.java:439) ~[spring-boot-3.5.7.jar:3.5.7]
	at org.springframework.boot.SpringApplication.run(SpringApplication.java:318) ~[spring-boot-3.5.7.jar:3.5.7]
	at org.springframework.boot.SpringApplication.run(SpringApplication.java:1361) ~[spring-boot-3.5.7.jar:3.5.7]
	at org.springframework.boot.SpringApplication.run(SpringApplication.java:1350) ~[spring-boot-3.5.7.jar:3.5.7]
	at com.orvion.projectmgmt.ProjmanagementApplication.main(ProjmanagementApplication.java:32) ~[main/:na]
Caused by: java.sql.SQLIntegrityConstraintViolationException: Cannot add or update a child row: a foreign key constraint fails (`projexec`.`#sql-1a78_d`, CONSTRAINT `FK2tyhtr3nros7atqlikxwbgakc` FOREIGN KEY (`module_code`) REFERENCES `modules` (`module_code`))
	at com.mysql.cj.jdbc.exceptions.SQLError.createSQLException(SQLError.java:109) ~[mysql-connector-j-9.4.0.jar:9.4.0]
	at com.mysql.cj.jdbc.exceptions.SQLExceptionsMapping.translateException(SQLExceptionsMapping.java:114) ~[mysql-connector-j-9.4.0.jar:9.4.0]
	at com.mysql.cj.jdbc.StatementImpl.executeInternal(StatementImpl.java:837) ~[mysql-connector-j-9.4.0.jar:9.4.0]
	at com.mysql.cj.jdbc.StatementImpl.execute(StatementImpl.java:685) ~[mysql-connector-j-9.4.0.jar:9.4.0]
	at com.zaxxer.hikari.pool.ProxyStatement.execute(ProxyStatement.java:95) ~[HikariCP-6.3.3.jar:na]
	at com.zaxxer.hikari.pool.HikariProxyStatement.execute(HikariProxyStatement.java) ~[HikariCP-6.3.3.jar:na]
	at org.hibernate.tool.schema.internal.exec.GenerationTargetToDatabase.accept(GenerationTargetToDatabase.java:80) ~[hibernate-core-6.6.33.Final.jar:6.6.33.Final]
	... 36 common frames omitted

2026-06-10T15:23:55.193+05:30  INFO 13764 --- [main] j.LocalContainerEntityManagerFactoryBean : Initialized JPA EntityManagerFactory for persistence unit 'default'
2026-06-10T15:23:56.465+05:30  INFO 13764 --- [main] o.s.d.j.r.query.QueryEnhancerFactory     : Hibernate is in classpath; If applicable, HQL parser will be used.
2026-06-10T15:23:57.636+05:30  WARN 13764 --- [main] ConfigServletWebServerApplicationContext : Exception encountered during context initialization - cancelling refresh attempt: org.springframework.beans.factory.UnsatisfiedDependencyException: Error creating bean with name 'userGroupController': Unsatisfied dependency expressed through field 'userGroupService': Error creating bean with name 'userGroupService': Unsatisfied dependency expressed through field 'accessModifier': No qualifying bean of type 'com.momentus.corefw.generic.service.IAccessModifier' available: expected at least 1 bean which qualifies as autowire candidate. Dependency annotations: {@org.springframework.beans.factory.annotation.Autowired(required=true)}
2026-06-10T15:23:57.636+05:30  INFO 13764 --- [main] j.LocalContainerEntityManagerFactoryBean : Closing JPA EntityManagerFactory for persistence unit 'default'
2026-06-10T15:23:57.654+05:30  INFO 13764 --- [main] com.zaxxer.hikari.HikariDataSource       : HikariPool-1 - Shutdown initiated...
2026-06-10T15:23:57.691+05:30  INFO 13764 --- [main] com.zaxxer.hikari.HikariDataSource       : HikariPool-1 - Shutdown completed.
2026-06-10T15:23:57.697+05:30  INFO 13764 --- [main] o.apache.catalina.core.StandardService   : Stopping service [Tomcat]
2026-06-10T15:23:57.712+05:30  INFO 13764 --- [main] .s.b.a.l.ConditionEvaluationReportLogger : 

Error starting ApplicationContext. To display the condition evaluation report re-run your application with 'debug' enabled.
2026-06-10T15:23:57.760+05:30 ERROR 13764 --- [main] o.s.b.d.LoggingFailureAnalysisReporter   : 

***************************
APPLICATION FAILED TO START
***************************

Description:

Field accessModifier in com.momentus.corefw.generic.service.GenericService required a bean of type 'com.momentus.corefw.generic.service.IAccessModifier' that could not be found.

The injection point has the following annotations:
	- @org.springframework.beans.factory.annotation.Autowired(required=true)


Action:

Consider defining a bean of type 'com.momentus.corefw.generic.service.IAccessModifier' in your configuration.

2026-06-10T15:27:02.036+05:30  INFO 40472 --- [main] c.o.p.ProjmanagementApplication          : Starting ProjmanagementApplication using Java 18.0.2.1 with PID 40472 (C:\Apps\consproject\build\classes\java\main started by Unnikrishnan in C:\Apps\consproject)
2026-06-10T15:27:02.037+05:30  INFO 40472 --- [main] c.o.p.ProjmanagementApplication          : The following 1 profile is active: "dev"
2026-06-10T15:27:05.495+05:30  INFO 40472 --- [main] .s.d.r.c.RepositoryConfigurationDelegate : Bootstrapping Spring Data JPA repositories in DEFAULT mode.
2026-06-10T15:27:05.843+05:30  INFO 40472 --- [main] .s.d.r.c.RepositoryConfigurationDelegate : Finished Spring Data repository scanning in 318 ms. Found 21 JPA repository interfaces.
2026-06-10T15:27:09.623+05:30  INFO 40472 --- [main] o.s.b.w.embedded.tomcat.TomcatWebServer  : Tomcat initialized with port 8080 (http)
2026-06-10T15:27:09.650+05:30  INFO 40472 --- [main] o.apache.catalina.core.StandardService   : Starting service [Tomcat]
2026-06-10T15:27:09.650+05:30  INFO 40472 --- [main] o.apache.catalina.core.StandardEngine    : Starting Servlet engine: [Apache Tomcat/10.1.48]
2026-06-10T15:27:09.876+05:30  INFO 40472 --- [main] o.a.c.c.C.[Tomcat].[localhost].[/cons]   : Initializing Spring embedded WebApplicationContext
2026-06-10T15:27:09.876+05:30  INFO 40472 --- [main] w.s.c.ServletWebServerApplicationContext : Root WebApplicationContext: initialization completed in 7521 ms
2026-06-10T15:27:10.846+05:30  INFO 40472 --- [main] com.zaxxer.hikari.HikariDataSource       : HikariPool-1 - Starting...
2026-06-10T15:27:11.256+05:30  INFO 40472 --- [main] com.zaxxer.hikari.pool.HikariPool        : HikariPool-1 - Added connection com.mysql.cj.jdbc.ConnectionImpl@29f3185c
2026-06-10T15:27:11.262+05:30  INFO 40472 --- [main] com.zaxxer.hikari.HikariDataSource       : HikariPool-1 - Start completed.
2026-06-10T15:27:11.340+05:30  INFO 40472 --- [main] org.flywaydb.core.FlywayExecutor         : Database: jdbc:mysql://localhost:3306/projexec?useUnicode=true&characterEncoding=UTF-8&serverTimezone=UTC&useSSL=false (MySQL 8.0)
2026-06-10T15:27:11.437+05:30  INFO 40472 --- [main] o.f.c.i.s.JdbcTableSchemaHistory         : Schema history table `projexec`.`flyway_schema_history` does not exist yet
2026-06-10T15:27:11.474+05:30  INFO 40472 --- [main] o.f.core.internal.command.DbValidate     : Successfully validated 1 migration (execution time 00:00.071s)
2026-06-10T15:27:11.511+05:30  INFO 40472 --- [main] o.f.c.i.s.JdbcTableSchemaHistory         : Creating Schema History table `projexec`.`flyway_schema_history` ...
2026-06-10T15:27:11.639+05:30  INFO 40472 --- [main] o.f.core.internal.command.DbMigrate      : Current version of schema `projexec`: << Empty Schema >>
2026-06-10T15:27:11.722+05:30  INFO 40472 --- [main] o.f.core.internal.command.DbMigrate      : Migrating schema `projexec` to version "1.0 - root"
2026-06-10T15:27:12.059+05:30  WARN 40472 --- [main] o.f.c.i.s.DefaultSqlScriptExecutor       : DB: Integer display width is deprecated and will be removed in a future release. (SQL State: HY000 - Error Code: 1681)
2026-06-10T15:27:12.091+05:30  WARN 40472 --- [main] o.f.c.i.s.DefaultSqlScriptExecutor       : DB: Integer display width is deprecated and will be removed in a future release. (SQL State: HY000 - Error Code: 1681)
2026-06-10T15:27:12.139+05:30  WARN 40472 --- [main] o.f.c.i.s.DefaultSqlScriptExecutor       : DB: Integer display width is deprecated and will be removed in a future release. (SQL State: HY000 - Error Code: 1681)
2026-06-10T15:27:12.139+05:30  WARN 40472 --- [main] o.f.c.i.s.DefaultSqlScriptExecutor       : DB: Integer display width is deprecated and will be removed in a future release. (SQL State: HY000 - Error Code: 1681)
2026-06-10T15:27:12.139+05:30  WARN 40472 --- [main] o.f.c.i.s.DefaultSqlScriptExecutor       : DB: Integer display width is deprecated and will be removed in a future release. (SQL State: HY000 - Error Code: 1681)
2026-06-10T15:27:12.187+05:30  WARN 40472 --- [main] o.f.c.i.s.DefaultSqlScriptExecutor       : DB: Integer display width is deprecated and will be removed in a future release. (SQL State: HY000 - Error Code: 1681)
2026-06-10T15:27:12.187+05:30  WARN 40472 --- [main] o.f.c.i.s.DefaultSqlScriptExecutor       : DB: Integer display width is deprecated and will be removed in a future release. (SQL State: HY000 - Error Code: 1681)
2026-06-10T15:27:12.187+05:30  WARN 40472 --- [main] o.f.c.i.s.DefaultSqlScriptExecutor       : DB: Integer display width is deprecated and will be removed in a future release. (SQL State: HY000 - Error Code: 1681)
2026-06-10T15:27:12.235+05:30  WARN 40472 --- [main] o.f.c.i.s.DefaultSqlScriptExecutor       : DB: Integer display width is deprecated and will be removed in a future release. (SQL State: HY000 - Error Code: 1681)
2026-06-10T15:27:12.282+05:30  WARN 40472 --- [main] o.f.c.i.s.DefaultSqlScriptExecutor       : DB: Integer display width is deprecated and will be removed in a future release. (SQL State: HY000 - Error Code: 1681)
2026-06-10T15:27:12.330+05:30  WARN 40472 --- [main] o.f.c.i.s.DefaultSqlScriptExecutor       : DB: Integer display width is deprecated and will be removed in a future release. (SQL State: HY000 - Error Code: 1681)
2026-06-10T15:27:12.330+05:30  WARN 40472 --- [main] o.f.c.i.s.DefaultSqlScriptExecutor       : DB: Integer display width is deprecated and will be removed in a future release. (SQL State: HY000 - Error Code: 1681)
2026-06-10T15:27:12.386+05:30  WARN 40472 --- [main] o.f.c.i.s.DefaultSqlScriptExecutor       : DB: Integer display width is deprecated and will be removed in a future release. (SQL State: HY000 - Error Code: 1681)
2026-06-10T15:27:12.386+05:30  WARN 40472 --- [main] o.f.c.i.s.DefaultSqlScriptExecutor       : DB: Integer display width is deprecated and will be removed in a future release. (SQL State: HY000 - Error Code: 1681)
2026-06-10T15:27:12.468+05:30  WARN 40472 --- [main] o.f.c.i.s.DefaultSqlScriptExecutor       : DB: Integer display width is deprecated and will be removed in a future release. (SQL State: HY000 - Error Code: 1681)
2026-06-10T15:27:12.468+05:30  WARN 40472 --- [main] o.f.c.i.s.DefaultSqlScriptExecutor       : DB: Integer display width is deprecated and will be removed in a future release. (SQL State: HY000 - Error Code: 1681)
2026-06-10T15:27:12.468+05:30  WARN 40472 --- [main] o.f.c.i.s.DefaultSqlScriptExecutor       : DB: Integer display width is deprecated and will be removed in a future release. (SQL State: HY000 - Error Code: 1681)
2026-06-10T15:27:12.468+05:30  WARN 40472 --- [main] o.f.c.i.s.DefaultSqlScriptExecutor       : DB: Integer display width is deprecated and will be removed in a future release. (SQL State: HY000 - Error Code: 1681)
2026-06-10T15:27:12.468+05:30  WARN 40472 --- [main] o.f.c.i.s.DefaultSqlScriptExecutor       : DB: Integer display width is deprecated and will be removed in a future release. (SQL State: HY000 - Error Code: 1681)
2026-06-10T15:27:12.689+05:30  WARN 40472 --- [main] o.f.c.i.s.DefaultSqlScriptExecutor       : DB: Integer display width is deprecated and will be removed in a future release. (SQL State: HY000 - Error Code: 1681)
2026-06-10T15:27:12.772+05:30  WARN 40472 --- [main] o.f.c.i.s.DefaultSqlScriptExecutor       : DB: Integer display width is deprecated and will be removed in a future release. (SQL State: HY000 - Error Code: 1681)
2026-06-10T15:27:13.250+05:30  WARN 40472 --- [main] o.f.c.i.s.DefaultSqlScriptExecutor       : DB: Integer display width is deprecated and will be removed in a future release. (SQL State: HY000 - Error Code: 1681)
2026-06-10T15:27:13.282+05:30  WARN 40472 --- [main] o.f.c.i.s.DefaultSqlScriptExecutor       : DB: Integer display width is deprecated and will be removed in a future release. (SQL State: HY000 - Error Code: 1681)
2026-06-10T15:27:13.282+05:30  WARN 40472 --- [main] o.f.c.i.s.DefaultSqlScriptExecutor       : DB: Integer display width is deprecated and will be removed in a future release. (SQL State: HY000 - Error Code: 1681)
2026-06-10T15:27:13.844+05:30  WARN 40472 --- [main] o.f.c.i.s.DefaultSqlScriptExecutor       : DB: Integer display width is deprecated and will be removed in a future release. (SQL State: HY000 - Error Code: 1681)
2026-06-10T15:27:13.876+05:30  WARN 40472 --- [main] o.f.c.i.s.DefaultSqlScriptExecutor       : DB: Integer display width is deprecated and will be removed in a future release. (SQL State: HY000 - Error Code: 1681)
2026-06-10T15:27:13.876+05:30  WARN 40472 --- [main] o.f.c.i.s.DefaultSqlScriptExecutor       : DB: Integer display width is deprecated and will be removed in a future release. (SQL State: HY000 - Error Code: 1681)
2026-06-10T15:27:14.296+05:30  WARN 40472 --- [main] o.f.c.i.s.DefaultSqlScriptExecutor       : DB: Integer display width is deprecated and will be removed in a future release. (SQL State: HY000 - Error Code: 1681)
2026-06-10T15:27:14.357+05:30  INFO 40472 --- [main] o.f.core.internal.command.DbMigrate      : Successfully applied 1 migration to schema `projexec`, now at version v1.0 (execution time 00:02.607s)
2026-06-10T15:27:14.741+05:30  INFO 40472 --- [main] o.hibernate.jpa.internal.util.LogHelper  : HHH000204: Processing PersistenceUnitInfo [name: default]
2026-06-10T15:27:14.807+05:30  INFO 40472 --- [main] org.hibernate.Version                    : HHH000412: Hibernate ORM core version 6.6.33.Final
2026-06-10T15:27:14.857+05:30  INFO 40472 --- [main] o.h.c.internal.RegionFactoryInitiator    : HHH000026: Second-level cache disabled
2026-06-10T15:27:15.311+05:30  INFO 40472 --- [main] o.s.o.j.p.SpringPersistenceUnitInfo      : No LoadTimeWeaver setup: ignoring JPA class transformer
2026-06-10T15:27:15.366+05:30  WARN 40472 --- [main] org.hibernate.orm.deprecation            : HHH90000025: MySQL8Dialect does not need to be specified explicitly using 'hibernate.dialect' (remove the property setting and it will be selected by default)
2026-06-10T15:27:15.366+05:30  WARN 40472 --- [main] org.hibernate.orm.deprecation            : HHH90000026: MySQL8Dialect has been deprecated; use org.hibernate.dialect.MySQLDialect instead
2026-06-10T15:27:15.389+05:30  INFO 40472 --- [main] org.hibernate.orm.connections.pooling    : HHH10001005: Database info:
	Database JDBC URL [Connecting through datasource 'HikariDataSource (HikariPool-1)']
	Database driver: undefined/unknown
	Database version: 8.0
	Autocommit mode: undefined/unknown
	Isolation level: undefined/unknown
	Minimum pool size: undefined/unknown
	Maximum pool size: undefined/unknown
2026-06-10T15:27:17.959+05:30  INFO 40472 --- [main] o.h.e.t.j.p.i.JtaPlatformInitiator       : HHH000489: No JTA platform available (set 'hibernate.transaction.jta.platform' to enable JTA platform integration)
2026-06-10T15:27:25.537+05:30  INFO 40472 --- [main] j.LocalContainerEntityManagerFactoryBean : Initialized JPA EntityManagerFactory for persistence unit 'default'
2026-06-10T15:27:26.210+05:30  INFO 40472 --- [main] o.s.d.j.r.query.QueryEnhancerFactory     : Hibernate is in classpath; If applicable, HQL parser will be used.
2026-06-10T15:27:26.938+05:30  WARN 40472 --- [main] ConfigServletWebServerApplicationContext : Exception encountered during context initialization - cancelling refresh attempt: org.springframework.beans.factory.UnsatisfiedDependencyException: Error creating bean with name 'userGroupController': Unsatisfied dependency expressed through field 'userGroupService': Error creating bean with name 'userGroupService': Unsatisfied dependency expressed through field 'accessModifier': No qualifying bean of type 'com.momentus.corefw.generic.service.IAccessModifier' available: expected at least 1 bean which qualifies as autowire candidate. Dependency annotations: {@org.springframework.beans.factory.annotation.Autowired(required=true)}
2026-06-10T15:27:26.942+05:30  INFO 40472 --- [main] j.LocalContainerEntityManagerFactoryBean : Closing JPA EntityManagerFactory for persistence unit 'default'
2026-06-10T15:27:26.954+05:30  INFO 40472 --- [main] com.zaxxer.hikari.HikariDataSource       : HikariPool-1 - Shutdown initiated...
2026-06-10T15:27:26.965+05:30  INFO 40472 --- [main] com.zaxxer.hikari.HikariDataSource       : HikariPool-1 - Shutdown completed.
2026-06-10T15:27:26.965+05:30  INFO 40472 --- [main] o.apache.catalina.core.StandardService   : Stopping service [Tomcat]
2026-06-10T15:27:26.981+05:30  INFO 40472 --- [main] .s.b.a.l.ConditionEvaluationReportLogger : 

Error starting ApplicationContext. To display the condition evaluation report re-run your application with 'debug' enabled.
2026-06-10T15:27:27.031+05:30 ERROR 40472 --- [main] o.s.b.d.LoggingFailureAnalysisReporter   : 

***************************
APPLICATION FAILED TO START
***************************

Description:

Field accessModifier in com.momentus.corefw.generic.service.GenericService required a bean of type 'com.momentus.corefw.generic.service.IAccessModifier' that could not be found.

The injection point has the following annotations:
	- @org.springframework.beans.factory.annotation.Autowired(required=true)


Action:

Consider defining a bean of type 'com.momentus.corefw.generic.service.IAccessModifier' in your configuration.

2026-06-10T16:17:26.456+05:30  INFO 16700 --- [main] c.o.p.ProjmanagementApplication          : Starting ProjmanagementApplication using Java 18.0.2.1 with PID 16700 (C:\Apps\consproject\build\classes\java\main started by Unnikrishnan in C:\Apps\consproject)
2026-06-10T16:17:26.474+05:30  INFO 16700 --- [main] c.o.p.ProjmanagementApplication          : The following 1 profile is active: "dev"
2026-06-10T16:17:29.254+05:30  INFO 16700 --- [main] .s.d.r.c.RepositoryConfigurationDelegate : Bootstrapping Spring Data JPA repositories in DEFAULT mode.
2026-06-10T16:17:29.492+05:30  INFO 16700 --- [main] .s.d.r.c.RepositoryConfigurationDelegate : Finished Spring Data repository scanning in 207 ms. Found 21 JPA repository interfaces.
2026-06-10T16:17:33.144+05:30  INFO 16700 --- [main] o.s.b.w.embedded.tomcat.TomcatWebServer  : Tomcat initialized with port 8080 (http)
2026-06-10T16:17:33.191+05:30  INFO 16700 --- [main] o.apache.catalina.core.StandardService   : Starting service [Tomcat]
2026-06-10T16:17:33.191+05:30  INFO 16700 --- [main] o.apache.catalina.core.StandardEngine    : Starting Servlet engine: [Apache Tomcat/10.1.48]
2026-06-10T16:17:33.426+05:30  INFO 16700 --- [main] o.a.c.c.C.[Tomcat].[localhost].[/cons]   : Initializing Spring embedded WebApplicationContext
2026-06-10T16:17:33.426+05:30  INFO 16700 --- [main] w.s.c.ServletWebServerApplicationContext : Root WebApplicationContext: initialization completed in 6756 ms
2026-06-10T16:17:34.271+05:30  INFO 16700 --- [main] com.zaxxer.hikari.HikariDataSource       : HikariPool-1 - Starting...
2026-06-10T16:17:34.636+05:30  INFO 16700 --- [main] com.zaxxer.hikari.pool.HikariPool        : HikariPool-1 - Added connection com.mysql.cj.jdbc.ConnectionImpl@4bf8b77
2026-06-10T16:17:34.636+05:30  INFO 16700 --- [main] com.zaxxer.hikari.HikariDataSource       : HikariPool-1 - Start completed.
2026-06-10T16:17:34.726+05:30  INFO 16700 --- [main] org.flywaydb.core.FlywayExecutor         : Database: jdbc:mysql://localhost:3306/projexec?useUnicode=true&characterEncoding=UTF-8&serverTimezone=UTC&useSSL=false (MySQL 8.0)
2026-06-10T16:17:34.923+05:30  INFO 16700 --- [main] o.f.core.internal.command.DbValidate     : Successfully validated 1 migration (execution time 00:00.133s)
2026-06-10T16:17:34.936+05:30  INFO 16700 --- [main] o.f.core.internal.command.DbMigrate      : Current version of schema `projexec`: 1.0
2026-06-10T16:17:34.952+05:30  INFO 16700 --- [main] o.f.core.internal.command.DbMigrate      : Schema `projexec` is up to date. No migration necessary.
2026-06-10T16:17:35.287+05:30  INFO 16700 --- [main] o.hibernate.jpa.internal.util.LogHelper  : HHH000204: Processing PersistenceUnitInfo [name: default]
2026-06-10T16:17:35.568+05:30  INFO 16700 --- [main] org.hibernate.Version                    : HHH000412: Hibernate ORM core version 6.6.33.Final
2026-06-10T16:17:35.670+05:30  INFO 16700 --- [main] o.h.c.internal.RegionFactoryInitiator    : HHH000026: Second-level cache disabled
2026-06-10T16:17:36.364+05:30  INFO 16700 --- [main] o.s.o.j.p.SpringPersistenceUnitInfo      : No LoadTimeWeaver setup: ignoring JPA class transformer
2026-06-10T16:17:36.481+05:30  WARN 16700 --- [main] org.hibernate.orm.deprecation            : HHH90000025: MySQL8Dialect does not need to be specified explicitly using 'hibernate.dialect' (remove the property setting and it will be selected by default)
2026-06-10T16:17:36.484+05:30  WARN 16700 --- [main] org.hibernate.orm.deprecation            : HHH90000026: MySQL8Dialect has been deprecated; use org.hibernate.dialect.MySQLDialect instead
2026-06-10T16:17:36.487+05:30  INFO 16700 --- [main] org.hibernate.orm.connections.pooling    : HHH10001005: Database info:
	Database JDBC URL [Connecting through datasource 'HikariDataSource (HikariPool-1)']
	Database driver: undefined/unknown
	Database version: 8.0
	Autocommit mode: undefined/unknown
	Isolation level: undefined/unknown
	Minimum pool size: undefined/unknown
	Maximum pool size: undefined/unknown
2026-06-10T16:17:39.316+05:30  INFO 16700 --- [main] o.h.e.t.j.p.i.JtaPlatformInitiator       : HHH000489: No JTA platform available (set 'hibernate.transaction.jta.platform' to enable JTA platform integration)
2026-06-10T16:17:40.264+05:30  INFO 16700 --- [main] j.LocalContainerEntityManagerFactoryBean : Initialized JPA EntityManagerFactory for persistence unit 'default'
2026-06-10T16:17:41.483+05:30  INFO 16700 --- [main] o.s.d.j.r.query.QueryEnhancerFactory     : Hibernate is in classpath; If applicable, HQL parser will be used.
2026-06-10T16:17:42.677+05:30  WARN 16700 --- [main] ConfigServletWebServerApplicationContext : Exception encountered during context initialization - cancelling refresh attempt: org.springframework.beans.factory.UnsatisfiedDependencyException: Error creating bean with name 'userGroupController': Unsatisfied dependency expressed through field 'userGroupService': Error creating bean with name 'userGroupService': Unsatisfied dependency expressed through field 'accessModifier': No qualifying bean of type 'com.momentus.corefw.generic.service.IAccessModifier' available: expected at least 1 bean which qualifies as autowire candidate. Dependency annotations: {@org.springframework.beans.factory.annotation.Autowired(required=true)}
2026-06-10T16:17:42.677+05:30  INFO 16700 --- [main] j.LocalContainerEntityManagerFactoryBean : Closing JPA EntityManagerFactory for persistence unit 'default'
2026-06-10T16:17:42.712+05:30  INFO 16700 --- [main] com.zaxxer.hikari.HikariDataSource       : HikariPool-1 - Shutdown initiated...
2026-06-10T16:17:42.748+05:30  INFO 16700 --- [main] com.zaxxer.hikari.HikariDataSource       : HikariPool-1 - Shutdown completed.
2026-06-10T16:17:42.756+05:30  INFO 16700 --- [main] o.apache.catalina.core.StandardService   : Stopping service [Tomcat]
2026-06-10T16:17:42.796+05:30  INFO 16700 --- [main] .s.b.a.l.ConditionEvaluationReportLogger : 

Error starting ApplicationContext. To display the condition evaluation report re-run your application with 'debug' enabled.
2026-06-10T16:17:42.853+05:30 ERROR 16700 --- [main] o.s.b.d.LoggingFailureAnalysisReporter   : 

***************************
APPLICATION FAILED TO START
***************************

Description:

Field accessModifier in com.momentus.corefw.generic.service.GenericService required a bean of type 'com.momentus.corefw.generic.service.IAccessModifier' that could not be found.

The injection point has the following annotations:
	- @org.springframework.beans.factory.annotation.Autowired(required=true)


Action:

Consider defining a bean of type 'com.momentus.corefw.generic.service.IAccessModifier' in your configuration.

2026-06-10T16:18:52.451+05:30  INFO 21224 --- [main] c.o.p.ProjmanagementApplication          : Starting ProjmanagementApplication using Java 18.0.2.1 with PID 21224 (C:\Apps\consproject\build\classes\java\main started by Unnikrishnan in C:\Apps\consproject)
2026-06-10T16:18:52.466+05:30  INFO 21224 --- [main] c.o.p.ProjmanagementApplication          : The following 1 profile is active: "dev"
2026-06-10T16:18:55.400+05:30  INFO 21224 --- [main] .s.d.r.c.RepositoryConfigurationDelegate : Bootstrapping Spring Data JPA repositories in DEFAULT mode.
2026-06-10T16:18:55.716+05:30  INFO 21224 --- [main] .s.d.r.c.RepositoryConfigurationDelegate : Finished Spring Data repository scanning in 251 ms. Found 21 JPA repository interfaces.
2026-06-10T16:19:00.214+05:30  INFO 21224 --- [main] o.s.b.w.embedded.tomcat.TomcatWebServer  : Tomcat initialized with port 8080 (http)
2026-06-10T16:19:00.245+05:30  INFO 21224 --- [main] o.apache.catalina.core.StandardService   : Starting service [Tomcat]
2026-06-10T16:19:00.245+05:30  INFO 21224 --- [main] o.apache.catalina.core.StandardEngine    : Starting Servlet engine: [Apache Tomcat/10.1.48]
2026-06-10T16:19:00.385+05:30  INFO 21224 --- [main] o.a.c.c.C.[Tomcat].[localhost].[/cons]   : Initializing Spring embedded WebApplicationContext
2026-06-10T16:19:00.385+05:30  INFO 21224 --- [main] w.s.c.ServletWebServerApplicationContext : Root WebApplicationContext: initialization completed in 7655 ms
2026-06-10T16:19:01.473+05:30  INFO 21224 --- [main] com.zaxxer.hikari.HikariDataSource       : HikariPool-1 - Starting...
2026-06-10T16:19:02.177+05:30  INFO 21224 --- [main] com.zaxxer.hikari.pool.HikariPool        : HikariPool-1 - Added connection com.mysql.cj.jdbc.ConnectionImpl@1dca62c2
2026-06-10T16:19:02.191+05:30  INFO 21224 --- [main] com.zaxxer.hikari.HikariDataSource       : HikariPool-1 - Start completed.
2026-06-10T16:19:02.291+05:30  INFO 21224 --- [main] org.flywaydb.core.FlywayExecutor         : Database: jdbc:mysql://localhost:3306/projexec?useUnicode=true&characterEncoding=UTF-8&serverTimezone=UTC&useSSL=false (MySQL 8.0)
2026-06-10T16:19:02.412+05:30  INFO 21224 --- [main] o.f.core.internal.command.DbValidate     : Successfully validated 1 migration (execution time 00:00.086s)
2026-06-10T16:19:02.435+05:30  INFO 21224 --- [main] o.f.core.internal.command.DbMigrate      : Current version of schema `projexec`: 1.0
2026-06-10T16:19:02.435+05:30  INFO 21224 --- [main] o.f.core.internal.command.DbMigrate      : Schema `projexec` is up to date. No migration necessary.
2026-06-10T16:19:02.816+05:30  INFO 21224 --- [main] o.hibernate.jpa.internal.util.LogHelper  : HHH000204: Processing PersistenceUnitInfo [name: default]
2026-06-10T16:19:02.914+05:30  INFO 21224 --- [main] org.hibernate.Version                    : HHH000412: Hibernate ORM core version 6.6.33.Final
2026-06-10T16:19:02.960+05:30  INFO 21224 --- [main] o.h.c.internal.RegionFactoryInitiator    : HHH000026: Second-level cache disabled
2026-06-10T16:19:03.341+05:30  INFO 21224 --- [main] o.s.o.j.p.SpringPersistenceUnitInfo      : No LoadTimeWeaver setup: ignoring JPA class transformer
2026-06-10T16:19:03.405+05:30  WARN 21224 --- [main] org.hibernate.orm.deprecation            : HHH90000025: MySQL8Dialect does not need to be specified explicitly using 'hibernate.dialect' (remove the property setting and it will be selected by default)
2026-06-10T16:19:03.405+05:30  WARN 21224 --- [main] org.hibernate.orm.deprecation            : HHH90000026: MySQL8Dialect has been deprecated; use org.hibernate.dialect.MySQLDialect instead
2026-06-10T16:19:03.405+05:30  INFO 21224 --- [main] org.hibernate.orm.connections.pooling    : HHH10001005: Database info:
	Database JDBC URL [Connecting through datasource 'HikariDataSource (HikariPool-1)']
	Database driver: undefined/unknown
	Database version: 8.0
	Autocommit mode: undefined/unknown
	Isolation level: undefined/unknown
	Minimum pool size: undefined/unknown
	Maximum pool size: undefined/unknown
2026-06-10T16:19:05.928+05:30  INFO 21224 --- [main] o.h.e.t.j.p.i.JtaPlatformInitiator       : HHH000489: No JTA platform available (set 'hibernate.transaction.jta.platform' to enable JTA platform integration)
2026-06-10T16:19:06.520+05:30  INFO 21224 --- [main] j.LocalContainerEntityManagerFactoryBean : Initialized JPA EntityManagerFactory for persistence unit 'default'
2026-06-10T16:19:07.498+05:30  INFO 21224 --- [main] o.s.d.j.r.query.QueryEnhancerFactory     : Hibernate is in classpath; If applicable, HQL parser will be used.
2026-06-10T16:19:10.645+05:30  WARN 21224 --- [main] ConfigServletWebServerApplicationContext : Exception encountered during context initialization - cancelling refresh attempt: org.springframework.beans.factory.UnsatisfiedDependencyException: Error creating bean with name 'genericController' defined in URL [jar:file:/C:/Apps/consproject/lib/corefw-0.0.1-SNAPSHOT-plain.jar!/com/momentus/corefw/generic/controller/GenericController.class]: Unsatisfied dependency expressed through constructor parameter 0: No qualifying bean of type 'com.momentus.corefw.generic.service.IServiceFactory' available: expected at least 1 bean which qualifies as autowire candidate. Dependency annotations: {}
2026-06-10T16:19:10.645+05:30  INFO 21224 --- [main] j.LocalContainerEntityManagerFactoryBean : Closing JPA EntityManagerFactory for persistence unit 'default'
2026-06-10T16:19:10.665+05:30  INFO 21224 --- [main] com.zaxxer.hikari.HikariDataSource       : HikariPool-1 - Shutdown initiated...
2026-06-10T16:19:10.709+05:30  INFO 21224 --- [main] com.zaxxer.hikari.HikariDataSource       : HikariPool-1 - Shutdown completed.
2026-06-10T16:19:10.718+05:30  INFO 21224 --- [main] o.apache.catalina.core.StandardService   : Stopping service [Tomcat]
2026-06-10T16:19:10.752+05:30  INFO 21224 --- [main] .s.b.a.l.ConditionEvaluationReportLogger : 

Error starting ApplicationContext. To display the condition evaluation report re-run your application with 'debug' enabled.
2026-06-10T16:19:10.860+05:30 ERROR 21224 --- [main] o.s.b.d.LoggingFailureAnalysisReporter   : 

***************************
APPLICATION FAILED TO START
***************************

Description:

Parameter 0 of constructor in com.momentus.corefw.generic.controller.GenericController required a bean of type 'com.momentus.corefw.generic.service.IServiceFactory' that could not be found.


Action:

Consider defining a bean of type 'com.momentus.corefw.generic.service.IServiceFactory' in your configuration.

2026-06-10T16:20:28.824+05:30  INFO 31776 --- [main] c.o.p.ProjmanagementApplication          : Starting ProjmanagementApplication using Java 18.0.2.1 with PID 31776 (C:\Apps\consproject\build\classes\java\main started by Unnikrishnan in C:\Apps\consproject)
2026-06-10T16:20:28.834+05:30  INFO 31776 --- [main] c.o.p.ProjmanagementApplication          : The following 1 profile is active: "dev"
2026-06-10T16:20:31.282+05:30  INFO 31776 --- [main] .s.d.r.c.RepositoryConfigurationDelegate : Bootstrapping Spring Data JPA repositories in DEFAULT mode.
2026-06-10T16:20:31.590+05:30  INFO 31776 --- [main] .s.d.r.c.RepositoryConfigurationDelegate : Finished Spring Data repository scanning in 263 ms. Found 21 JPA repository interfaces.
2026-06-10T16:20:34.441+05:30  INFO 31776 --- [main] o.s.b.w.embedded.tomcat.TomcatWebServer  : Tomcat initialized with port 8080 (http)
2026-06-10T16:20:34.476+05:30  INFO 31776 --- [main] o.apache.catalina.core.StandardService   : Starting service [Tomcat]
2026-06-10T16:20:34.476+05:30  INFO 31776 --- [main] o.apache.catalina.core.StandardEngine    : Starting Servlet engine: [Apache Tomcat/10.1.48]
2026-06-10T16:20:34.586+05:30  INFO 31776 --- [main] o.a.c.c.C.[Tomcat].[localhost].[/cons]   : Initializing Spring embedded WebApplicationContext
2026-06-10T16:20:34.586+05:30  INFO 31776 --- [main] w.s.c.ServletWebServerApplicationContext : Root WebApplicationContext: initialization completed in 5578 ms
2026-06-10T16:20:35.663+05:30  INFO 31776 --- [main] com.zaxxer.hikari.HikariDataSource       : HikariPool-1 - Starting...
2026-06-10T16:20:36.092+05:30  INFO 31776 --- [main] com.zaxxer.hikari.pool.HikariPool        : HikariPool-1 - Added connection com.mysql.cj.jdbc.ConnectionImpl@29f3185c
2026-06-10T16:20:36.104+05:30  INFO 31776 --- [main] com.zaxxer.hikari.HikariDataSource       : HikariPool-1 - Start completed.
2026-06-10T16:20:36.227+05:30  INFO 31776 --- [main] org.flywaydb.core.FlywayExecutor         : Database: jdbc:mysql://localhost:3306/projexec?useUnicode=true&characterEncoding=UTF-8&serverTimezone=UTC&useSSL=false (MySQL 8.0)
2026-06-10T16:20:36.341+05:30  INFO 31776 --- [main] o.f.core.internal.command.DbValidate     : Successfully validated 1 migration (execution time 00:00.090s)
2026-06-10T16:20:36.383+05:30  INFO 31776 --- [main] o.f.core.internal.command.DbMigrate      : Current version of schema `projexec`: 1.0
2026-06-10T16:20:36.383+05:30  INFO 31776 --- [main] o.f.core.internal.command.DbMigrate      : Schema `projexec` is up to date. No migration necessary.
2026-06-10T16:20:36.636+05:30  INFO 31776 --- [main] o.hibernate.jpa.internal.util.LogHelper  : HHH000204: Processing PersistenceUnitInfo [name: default]
2026-06-10T16:20:36.708+05:30  INFO 31776 --- [main] org.hibernate.Version                    : HHH000412: Hibernate ORM core version 6.6.33.Final
2026-06-10T16:20:36.722+05:30  INFO 31776 --- [main] o.h.c.internal.RegionFactoryInitiator    : HHH000026: Second-level cache disabled
2026-06-10T16:20:37.028+05:30  INFO 31776 --- [main] o.s.o.j.p.SpringPersistenceUnitInfo      : No LoadTimeWeaver setup: ignoring JPA class transformer
2026-06-10T16:20:37.076+05:30  WARN 31776 --- [main] org.hibernate.orm.deprecation            : HHH90000025: MySQL8Dialect does not need to be specified explicitly using 'hibernate.dialect' (remove the property setting and it will be selected by default)
2026-06-10T16:20:37.076+05:30  WARN 31776 --- [main] org.hibernate.orm.deprecation            : HHH90000026: MySQL8Dialect has been deprecated; use org.hibernate.dialect.MySQLDialect instead
2026-06-10T16:20:37.092+05:30  INFO 31776 --- [main] org.hibernate.orm.connections.pooling    : HHH10001005: Database info:
	Database JDBC URL [Connecting through datasource 'HikariDataSource (HikariPool-1)']
	Database driver: undefined/unknown
	Database version: 8.0
	Autocommit mode: undefined/unknown
	Isolation level: undefined/unknown
	Minimum pool size: undefined/unknown
	Maximum pool size: undefined/unknown
2026-06-10T16:20:39.248+05:30  INFO 31776 --- [main] o.h.e.t.j.p.i.JtaPlatformInitiator       : HHH000489: No JTA platform available (set 'hibernate.transaction.jta.platform' to enable JTA platform integration)
2026-06-10T16:20:39.886+05:30  INFO 31776 --- [main] j.LocalContainerEntityManagerFactoryBean : Initialized JPA EntityManagerFactory for persistence unit 'default'
2026-06-10T16:20:40.447+05:30  INFO 31776 --- [main] o.s.d.j.r.query.QueryEnhancerFactory     : Hibernate is in classpath; If applicable, HQL parser will be used.
2026-06-10T16:20:42.740+05:30  WARN 31776 --- [main] ConfigServletWebServerApplicationContext : Exception encountered during context initialization - cancelling refresh attempt: org.springframework.beans.factory.UnsatisfiedDependencyException: Error creating bean with name 'genericController' defined in URL [jar:file:/C:/Apps/consproject/lib/corefw-0.0.1-SNAPSHOT-plain.jar!/com/momentus/corefw/generic/controller/GenericController.class]: Unsatisfied dependency expressed through constructor parameter 0: No qualifying bean of type 'com.momentus.corefw.generic.service.IServiceFactory' available: expected at least 1 bean which qualifies as autowire candidate. Dependency annotations: {}
2026-06-10T16:20:42.740+05:30  INFO 31776 --- [main] j.LocalContainerEntityManagerFactoryBean : Closing JPA EntityManagerFactory for persistence unit 'default'
2026-06-10T16:20:42.752+05:30  INFO 31776 --- [main] com.zaxxer.hikari.HikariDataSource       : HikariPool-1 - Shutdown initiated...
2026-06-10T16:20:42.783+05:30  INFO 31776 --- [main] com.zaxxer.hikari.HikariDataSource       : HikariPool-1 - Shutdown completed.
2026-06-10T16:20:42.786+05:30  INFO 31776 --- [main] o.apache.catalina.core.StandardService   : Stopping service [Tomcat]
2026-06-10T16:20:42.816+05:30  INFO 31776 --- [main] .s.b.a.l.ConditionEvaluationReportLogger : 

Error starting ApplicationContext. To display the condition evaluation report re-run your application with 'debug' enabled.
2026-06-10T16:20:42.897+05:30 ERROR 31776 --- [main] o.s.b.d.LoggingFailureAnalysisReporter   : 

***************************
APPLICATION FAILED TO START
***************************

Description:

Parameter 0 of constructor in com.momentus.corefw.generic.controller.GenericController required a bean of type 'com.momentus.corefw.generic.service.IServiceFactory' that could not be found.


Action:

Consider defining a bean of type 'com.momentus.corefw.generic.service.IServiceFactory' in your configuration.

2026-06-10T16:21:11.585+05:30  INFO 25176 --- [main] c.o.p.ProjmanagementApplication          : Starting ProjmanagementApplication using Java 18.0.2.1 with PID 25176 (C:\Apps\consproject\build\classes\java\main started by Unnikrishnan in C:\Apps\consproject)
2026-06-10T16:21:11.585+05:30  INFO 25176 --- [main] c.o.p.ProjmanagementApplication          : The following 1 profile is active: "dev"
2026-06-10T16:21:13.907+05:30  INFO 25176 --- [main] .s.d.r.c.RepositoryConfigurationDelegate : Bootstrapping Spring Data JPA repositories in DEFAULT mode.
2026-06-10T16:21:14.136+05:30  INFO 25176 --- [main] .s.d.r.c.RepositoryConfigurationDelegate : Finished Spring Data repository scanning in 202 ms. Found 21 JPA repository interfaces.
2026-06-10T16:21:17.524+05:30  INFO 25176 --- [main] o.s.b.w.embedded.tomcat.TomcatWebServer  : Tomcat initialized with port 8080 (http)
2026-06-10T16:21:17.547+05:30  INFO 25176 --- [main] o.apache.catalina.core.StandardService   : Starting service [Tomcat]
2026-06-10T16:21:17.547+05:30  INFO 25176 --- [main] o.apache.catalina.core.StandardEngine    : Starting Servlet engine: [Apache Tomcat/10.1.48]
2026-06-10T16:21:17.694+05:30  INFO 25176 --- [main] o.a.c.c.C.[Tomcat].[localhost].[/cons]   : Initializing Spring embedded WebApplicationContext
2026-06-10T16:21:17.694+05:30  INFO 25176 --- [main] w.s.c.ServletWebServerApplicationContext : Root WebApplicationContext: initialization completed in 5881 ms
2026-06-10T16:21:18.673+05:30  INFO 25176 --- [main] com.zaxxer.hikari.HikariDataSource       : HikariPool-1 - Starting...
2026-06-10T16:21:18.968+05:30  INFO 25176 --- [main] com.zaxxer.hikari.pool.HikariPool        : HikariPool-1 - Added connection com.mysql.cj.jdbc.ConnectionImpl@e06ec83
2026-06-10T16:21:18.968+05:30  INFO 25176 --- [main] com.zaxxer.hikari.HikariDataSource       : HikariPool-1 - Start completed.
2026-06-10T16:21:19.049+05:30  INFO 25176 --- [main] org.flywaydb.core.FlywayExecutor         : Database: jdbc:mysql://localhost:3306/projexec?useUnicode=true&characterEncoding=UTF-8&serverTimezone=UTC&useSSL=false (MySQL 8.0)
2026-06-10T16:21:19.291+05:30  INFO 25176 --- [main] o.f.core.internal.command.DbValidate     : Successfully validated 1 migration (execution time 00:00.149s)
2026-06-10T16:21:19.332+05:30  INFO 25176 --- [main] o.f.core.internal.command.DbMigrate      : Current version of schema `projexec`: 1.0
2026-06-10T16:21:19.339+05:30  INFO 25176 --- [main] o.f.core.internal.command.DbMigrate      : Schema `projexec` is up to date. No migration necessary.
2026-06-10T16:21:19.792+05:30  INFO 25176 --- [main] o.hibernate.jpa.internal.util.LogHelper  : HHH000204: Processing PersistenceUnitInfo [name: default]
2026-06-10T16:21:19.888+05:30  INFO 25176 --- [main] org.hibernate.Version                    : HHH000412: Hibernate ORM core version 6.6.33.Final
2026-06-10T16:21:19.919+05:30  INFO 25176 --- [main] o.h.c.internal.RegionFactoryInitiator    : HHH000026: Second-level cache disabled
2026-06-10T16:21:20.282+05:30  INFO 25176 --- [main] o.s.o.j.p.SpringPersistenceUnitInfo      : No LoadTimeWeaver setup: ignoring JPA class transformer
2026-06-10T16:21:20.330+05:30  WARN 25176 --- [main] org.hibernate.orm.deprecation            : HHH90000025: MySQL8Dialect does not need to be specified explicitly using 'hibernate.dialect' (remove the property setting and it will be selected by default)
2026-06-10T16:21:20.330+05:30  WARN 25176 --- [main] org.hibernate.orm.deprecation            : HHH90000026: MySQL8Dialect has been deprecated; use org.hibernate.dialect.MySQLDialect instead
2026-06-10T16:21:20.346+05:30  INFO 25176 --- [main] org.hibernate.orm.connections.pooling    : HHH10001005: Database info:
	Database JDBC URL [Connecting through datasource 'HikariDataSource (HikariPool-1)']
	Database driver: undefined/unknown
	Database version: 8.0
	Autocommit mode: undefined/unknown
	Isolation level: undefined/unknown
	Minimum pool size: undefined/unknown
	Maximum pool size: undefined/unknown
2026-06-10T16:21:22.634+05:30  INFO 25176 --- [main] o.h.e.t.j.p.i.JtaPlatformInitiator       : HHH000489: No JTA platform available (set 'hibernate.transaction.jta.platform' to enable JTA platform integration)
2026-06-10T16:21:23.214+05:30  INFO 25176 --- [main] j.LocalContainerEntityManagerFactoryBean : Initialized JPA EntityManagerFactory for persistence unit 'default'
2026-06-10T16:21:24.037+05:30  INFO 25176 --- [main] o.s.d.j.r.query.QueryEnhancerFactory     : Hibernate is in classpath; If applicable, HQL parser will be used.
2026-06-10T16:21:27.614+05:30  WARN 25176 --- [main] ConfigServletWebServerApplicationContext : Exception encountered during context initialization - cancelling refresh attempt: org.springframework.beans.factory.UnsatisfiedDependencyException: Error creating bean with name 'countryStateController': Unsatisfied dependency expressed through field 'orgSignupService': Error creating bean with name 'orgSignupService': Unsatisfied dependency expressed through field 'productSignupService': No qualifying bean of type 'com.momentus.foundation.orgsignup.service.ProductSignupService' available: expected at least 1 bean which qualifies as autowire candidate. Dependency annotations: {@org.springframework.beans.factory.annotation.Autowired(required=true)}
2026-06-10T16:21:27.614+05:30  INFO 25176 --- [main] j.LocalContainerEntityManagerFactoryBean : Closing JPA EntityManagerFactory for persistence unit 'default'
2026-06-10T16:21:27.630+05:30  INFO 25176 --- [main] com.zaxxer.hikari.HikariDataSource       : HikariPool-1 - Shutdown initiated...
2026-06-10T16:21:27.666+05:30  INFO 25176 --- [main] com.zaxxer.hikari.HikariDataSource       : HikariPool-1 - Shutdown completed.
2026-06-10T16:21:27.678+05:30  INFO 25176 --- [main] o.apache.catalina.core.StandardService   : Stopping service [Tomcat]
2026-06-10T16:21:27.710+05:30  INFO 25176 --- [main] .s.b.a.l.ConditionEvaluationReportLogger : 

Error starting ApplicationContext. To display the condition evaluation report re-run your application with 'debug' enabled.
2026-06-10T16:21:27.791+05:30 ERROR 25176 --- [main] o.s.b.d.LoggingFailureAnalysisReporter   : 

***************************
APPLICATION FAILED TO START
***************************

Description:

Field productSignupService in com.momentus.foundation.orgsignup.service.OrgSignupService required a bean of type 'com.momentus.foundation.orgsignup.service.ProductSignupService' that could not be found.

The injection point has the following annotations:
	- @org.springframework.beans.factory.annotation.Autowired(required=true)


Action:

Consider defining a bean of type 'com.momentus.foundation.orgsignup.service.ProductSignupService' in your configuration.

2026-06-10T16:23:37.617+05:30  INFO 35760 --- [main] c.o.p.ProjmanagementApplication          : Starting ProjmanagementApplication using Java 18.0.2.1 with PID 35760 (C:\Apps\consproject\build\classes\java\main started by Unnikrishnan in C:\Apps\consproject)
2026-06-10T16:23:37.634+05:30  INFO 35760 --- [main] c.o.p.ProjmanagementApplication          : The following 1 profile is active: "dev"
2026-06-10T16:23:40.756+05:30  INFO 35760 --- [main] .s.d.r.c.RepositoryConfigurationDelegate : Bootstrapping Spring Data JPA repositories in DEFAULT mode.
2026-06-10T16:23:41.069+05:30  INFO 35760 --- [main] .s.d.r.c.RepositoryConfigurationDelegate : Finished Spring Data repository scanning in 214 ms. Found 21 JPA repository interfaces.
2026-06-10T16:23:44.672+05:30  INFO 35760 --- [main] o.s.b.w.embedded.tomcat.TomcatWebServer  : Tomcat initialized with port 8080 (http)
2026-06-10T16:23:44.736+05:30  INFO 35760 --- [main] o.apache.catalina.core.StandardService   : Starting service [Tomcat]
2026-06-10T16:23:44.736+05:30  INFO 35760 --- [main] o.apache.catalina.core.StandardEngine    : Starting Servlet engine: [Apache Tomcat/10.1.48]
2026-06-10T16:23:44.905+05:30  INFO 35760 --- [main] o.a.c.c.C.[Tomcat].[localhost].[/cons]   : Initializing Spring embedded WebApplicationContext
2026-06-10T16:23:44.905+05:30  INFO 35760 --- [main] w.s.c.ServletWebServerApplicationContext : Root WebApplicationContext: initialization completed in 6929 ms
2026-06-10T16:23:45.981+05:30  INFO 35760 --- [main] com.zaxxer.hikari.HikariDataSource       : HikariPool-1 - Starting...
2026-06-10T16:23:46.345+05:30  INFO 35760 --- [main] com.zaxxer.hikari.pool.HikariPool        : HikariPool-1 - Added connection com.mysql.cj.jdbc.ConnectionImpl@4a336377
2026-06-10T16:23:46.345+05:30  INFO 35760 --- [main] com.zaxxer.hikari.HikariDataSource       : HikariPool-1 - Start completed.
2026-06-10T16:23:46.444+05:30  INFO 35760 --- [main] org.flywaydb.core.FlywayExecutor         : Database: jdbc:mysql://localhost:3306/projexec?useUnicode=true&characterEncoding=UTF-8&serverTimezone=UTC&useSSL=false (MySQL 8.0)
2026-06-10T16:23:46.546+05:30  INFO 35760 --- [main] o.f.core.internal.command.DbValidate     : Successfully validated 1 migration (execution time 00:00.060s)
2026-06-10T16:23:46.576+05:30  INFO 35760 --- [main] o.f.core.internal.command.DbMigrate      : Current version of schema `projexec`: 1.0
2026-06-10T16:23:46.576+05:30  INFO 35760 --- [main] o.f.core.internal.command.DbMigrate      : Schema `projexec` is up to date. No migration necessary.
2026-06-10T16:23:46.956+05:30  INFO 35760 --- [main] o.hibernate.jpa.internal.util.LogHelper  : HHH000204: Processing PersistenceUnitInfo [name: default]
2026-06-10T16:23:47.054+05:30  INFO 35760 --- [main] org.hibernate.Version                    : HHH000412: Hibernate ORM core version 6.6.33.Final
2026-06-10T16:23:47.102+05:30  INFO 35760 --- [main] o.h.c.internal.RegionFactoryInitiator    : HHH000026: Second-level cache disabled
2026-06-10T16:23:47.532+05:30  INFO 35760 --- [main] o.s.o.j.p.SpringPersistenceUnitInfo      : No LoadTimeWeaver setup: ignoring JPA class transformer
2026-06-10T16:23:47.580+05:30  WARN 35760 --- [main] org.hibernate.orm.deprecation            : HHH90000025: MySQL8Dialect does not need to be specified explicitly using 'hibernate.dialect' (remove the property setting and it will be selected by default)
2026-06-10T16:23:47.596+05:30  WARN 35760 --- [main] org.hibernate.orm.deprecation            : HHH90000026: MySQL8Dialect has been deprecated; use org.hibernate.dialect.MySQLDialect instead
2026-06-10T16:23:47.609+05:30  INFO 35760 --- [main] org.hibernate.orm.connections.pooling    : HHH10001005: Database info:
	Database JDBC URL [Connecting through datasource 'HikariDataSource (HikariPool-1)']
	Database driver: undefined/unknown
	Database version: 8.0
	Autocommit mode: undefined/unknown
	Isolation level: undefined/unknown
	Minimum pool size: undefined/unknown
	Maximum pool size: undefined/unknown
2026-06-10T16:23:50.284+05:30  INFO 35760 --- [main] o.h.e.t.j.p.i.JtaPlatformInitiator       : HHH000489: No JTA platform available (set 'hibernate.transaction.jta.platform' to enable JTA platform integration)
2026-06-10T16:23:51.111+05:30  INFO 35760 --- [main] j.LocalContainerEntityManagerFactoryBean : Initialized JPA EntityManagerFactory for persistence unit 'default'
2026-06-10T16:23:52.002+05:30  INFO 35760 --- [main] o.s.d.j.r.query.QueryEnhancerFactory     : Hibernate is in classpath; If applicable, HQL parser will be used.
2026-06-10T16:23:55.557+05:30  INFO 35760 --- [main] r$InitializeUserDetailsManagerConfigurer : Global AuthenticationManager configured with UserDetailsService bean with name appUserDetailsService
2026-06-10T16:23:55.569+05:30  WARN 35760 --- [main] ConfigServletWebServerApplicationContext : Exception encountered during context initialization - cancelling refresh attempt: org.springframework.beans.factory.UnsatisfiedDependencyException: Error creating bean with name 'authController': Unsatisfied dependency expressed through field 'accessController': No qualifying bean of type 'com.momentus.foundation.login.service.IAccessController' available: expected at least 1 bean which qualifies as autowire candidate. Dependency annotations: {@org.springframework.beans.factory.annotation.Autowired(required=true)}
2026-06-10T16:23:55.575+05:30  INFO 35760 --- [main] j.LocalContainerEntityManagerFactoryBean : Closing JPA EntityManagerFactory for persistence unit 'default'
2026-06-10T16:23:55.589+05:30  INFO 35760 --- [main] com.zaxxer.hikari.HikariDataSource       : HikariPool-1 - Shutdown initiated...
2026-06-10T16:23:55.612+05:30  INFO 35760 --- [main] com.zaxxer.hikari.HikariDataSource       : HikariPool-1 - Shutdown completed.
2026-06-10T16:23:55.631+05:30  INFO 35760 --- [main] o.apache.catalina.core.StandardService   : Stopping service [Tomcat]
2026-06-10T16:23:55.679+05:30  INFO 35760 --- [main] .s.b.a.l.ConditionEvaluationReportLogger : 

Error starting ApplicationContext. To display the condition evaluation report re-run your application with 'debug' enabled.
2026-06-10T16:23:55.734+05:30 ERROR 35760 --- [main] o.s.b.d.LoggingFailureAnalysisReporter   : 

***************************
APPLICATION FAILED TO START
***************************

Description:

Field accessController in com.momentus.foundation.login.controller.AuthController required a bean of type 'com.momentus.foundation.login.service.IAccessController' that could not be found.

The injection point has the following annotations:
	- @org.springframework.beans.factory.annotation.Autowired(required=true)


Action:

Consider defining a bean of type 'com.momentus.foundation.login.service.IAccessController' in your configuration.

2026-06-10T16:24:54.177+05:30  INFO 4260 --- [main] c.o.p.ProjmanagementApplication          : Starting ProjmanagementApplication using Java 18.0.2.1 with PID 4260 (C:\Apps\consproject\build\classes\java\main started by Unnikrishnan in C:\Apps\consproject)
2026-06-10T16:24:54.184+05:30  INFO 4260 --- [main] c.o.p.ProjmanagementApplication          : The following 1 profile is active: "dev"
2026-06-10T16:24:56.390+05:30  INFO 4260 --- [main] .s.d.r.c.RepositoryConfigurationDelegate : Bootstrapping Spring Data JPA repositories in DEFAULT mode.
2026-06-10T16:24:56.608+05:30  INFO 4260 --- [main] .s.d.r.c.RepositoryConfigurationDelegate : Finished Spring Data repository scanning in 202 ms. Found 21 JPA repository interfaces.
2026-06-10T16:24:59.310+05:30  INFO 4260 --- [main] o.s.b.w.embedded.tomcat.TomcatWebServer  : Tomcat initialized with port 8080 (http)
2026-06-10T16:24:59.347+05:30  INFO 4260 --- [main] o.apache.catalina.core.StandardService   : Starting service [Tomcat]
2026-06-10T16:24:59.347+05:30  INFO 4260 --- [main] o.apache.catalina.core.StandardEngine    : Starting Servlet engine: [Apache Tomcat/10.1.48]
2026-06-10T16:24:59.474+05:30  INFO 4260 --- [main] o.a.c.c.C.[Tomcat].[localhost].[/cons]   : Initializing Spring embedded WebApplicationContext
2026-06-10T16:24:59.474+05:30  INFO 4260 --- [main] w.s.c.ServletWebServerApplicationContext : Root WebApplicationContext: initialization completed in 5168 ms
2026-06-10T16:25:00.156+05:30  INFO 4260 --- [main] com.zaxxer.hikari.HikariDataSource       : HikariPool-1 - Starting...
2026-06-10T16:25:00.591+05:30  INFO 4260 --- [main] com.zaxxer.hikari.pool.HikariPool        : HikariPool-1 - Added connection com.mysql.cj.jdbc.ConnectionImpl@70485aa
2026-06-10T16:25:00.595+05:30  INFO 4260 --- [main] com.zaxxer.hikari.HikariDataSource       : HikariPool-1 - Start completed.
2026-06-10T16:25:00.704+05:30  INFO 4260 --- [main] org.flywaydb.core.FlywayExecutor         : Database: jdbc:mysql://localhost:3306/projexec?useUnicode=true&characterEncoding=UTF-8&serverTimezone=UTC&useSSL=false (MySQL 8.0)
2026-06-10T16:25:00.828+05:30  INFO 4260 --- [main] o.f.core.internal.command.DbValidate     : Successfully validated 1 migration (execution time 00:00.077s)
2026-06-10T16:25:00.861+05:30  INFO 4260 --- [main] o.f.core.internal.command.DbMigrate      : Current version of schema `projexec`: 1.0
2026-06-10T16:25:00.865+05:30  INFO 4260 --- [main] o.f.core.internal.command.DbMigrate      : Schema `projexec` is up to date. No migration necessary.
2026-06-10T16:25:01.173+05:30  INFO 4260 --- [main] o.hibernate.jpa.internal.util.LogHelper  : HHH000204: Processing PersistenceUnitInfo [name: default]
2026-06-10T16:25:01.254+05:30  INFO 4260 --- [main] org.hibernate.Version                    : HHH000412: Hibernate ORM core version 6.6.33.Final
2026-06-10T16:25:01.308+05:30  INFO 4260 --- [main] o.h.c.internal.RegionFactoryInitiator    : HHH000026: Second-level cache disabled
2026-06-10T16:25:01.691+05:30  INFO 4260 --- [main] o.s.o.j.p.SpringPersistenceUnitInfo      : No LoadTimeWeaver setup: ignoring JPA class transformer
2026-06-10T16:25:01.773+05:30  WARN 4260 --- [main] org.hibernate.orm.deprecation            : HHH90000025: MySQL8Dialect does not need to be specified explicitly using 'hibernate.dialect' (remove the property setting and it will be selected by default)
2026-06-10T16:25:01.775+05:30  WARN 4260 --- [main] org.hibernate.orm.deprecation            : HHH90000026: MySQL8Dialect has been deprecated; use org.hibernate.dialect.MySQLDialect instead
2026-06-10T16:25:01.797+05:30  INFO 4260 --- [main] org.hibernate.orm.connections.pooling    : HHH10001005: Database info:
	Database JDBC URL [Connecting through datasource 'HikariDataSource (HikariPool-1)']
	Database driver: undefined/unknown
	Database version: 8.0
	Autocommit mode: undefined/unknown
	Isolation level: undefined/unknown
	Minimum pool size: undefined/unknown
	Maximum pool size: undefined/unknown
2026-06-10T16:25:04.486+05:30  INFO 4260 --- [main] o.h.e.t.j.p.i.JtaPlatformInitiator       : HHH000489: No JTA platform available (set 'hibernate.transaction.jta.platform' to enable JTA platform integration)
2026-06-10T16:25:05.573+05:30  INFO 4260 --- [main] j.LocalContainerEntityManagerFactoryBean : Initialized JPA EntityManagerFactory for persistence unit 'default'
2026-06-10T16:25:06.342+05:30  INFO 4260 --- [main] o.s.d.j.r.query.QueryEnhancerFactory     : Hibernate is in classpath; If applicable, HQL parser will be used.
2026-06-10T16:25:09.882+05:30  INFO 4260 --- [main] r$InitializeUserDetailsManagerConfigurer : Global AuthenticationManager configured with UserDetailsService bean with name appUserDetailsService
2026-06-10T16:25:10.349+05:30  WARN 4260 --- [main] JpaBaseConfiguration$JpaWebConfiguration : spring.jpa.open-in-view is enabled by default. Therefore, database queries may be performed during view rendering. Explicitly configure spring.jpa.open-in-view to disable this warning
2026-06-10T16:25:12.260+05:30  WARN 4260 --- [main] o.s.b.a.f.FreeMarkerAutoConfiguration    : Cannot find template location: [classpath:/templates/] (please add some templates, check your FreeMarker configuration, or set spring.freemarker.check-template-location=false)
2026-06-10T16:25:12.606+05:30  INFO 4260 --- [main] o.s.b.w.embedded.tomcat.TomcatWebServer  : Tomcat started on port 8080 (http) with context path '/cons'
2026-06-10T16:25:12.626+05:30  INFO 4260 --- [main] c.o.p.ProjmanagementApplication          : Started ProjmanagementApplication in 19.54 seconds (process running for 20.246)
2026-06-10T16:25:12.638+05:30  WARN 4260 --- [main] o.s.core.events.SpringDocAppInitializer  : SpringDoc /v3/api-docs endpoint is enabled by default. To disable it in production, set the property 'springdoc.api-docs.enabled=false'
2026-06-10T16:25:12.638+05:30  WARN 4260 --- [main] o.s.core.events.SpringDocAppInitializer  : SpringDoc /swagger-ui.html endpoint is enabled by default. To disable it in production, set the property 'springdoc.swagger-ui.enabled=false'
2026-06-10T16:26:16.781+05:30  INFO 4260 --- [http-nio-8080-exec-1] o.a.c.c.C.[Tomcat].[localhost].[/cons]   : Initializing Spring DispatcherServlet 'dispatcherServlet'
2026-06-10T16:26:16.787+05:30  INFO 4260 --- [http-nio-8080-exec-1] o.s.web.servlet.DispatcherServlet        : Initializing Servlet 'dispatcherServlet'
2026-06-10T16:26:16.797+05:30  INFO 4260 --- [http-nio-8080-exec-1] o.s.web.servlet.DispatcherServlet        : Completed initialization in 9 ms
2026-06-10T16:26:20.054+05:30  INFO 4260 --- [http-nio-8080-exec-10] o.springdoc.api.AbstractOpenApiResource  : Init duration for springdoc-openapi is: 1399 ms
